"../../../Engine/Content/MobileResources/HUD/VirtualJoystick_Background.uasset" 0
"../../../Engine/Content/MobileResources/HUD/VirtualJoystick_Thumb.uasset" 1
"../../../../UEProjects/TomatoProt/Content/TwinStickBP/UI/BimmaVirtualJoysticks.uasset" 2
"../../../Engine/Content/Functions/Engine_MaterialFunctions01/Opacity/CameraDepthFade.uasset" 3
"../../../Engine/Content/EngineMaterials/T_Default_Material_Grid_M.uasset" 4
"../../../Engine/Content/EngineMaterials/T_Default_Material_Grid_N.uasset" 5
"../../../Engine/Content/EngineMaterials/WorldGridMaterial.uasset" 6
"../../../Engine/Content/ArtTools/RenderToTexture/Meshes/S_1_Unit_Plane.uasset" 7
"../../../Engine/Content/BasicShapes/Plane.uasset" 8
"../../../Engine/Content/EditorLandscapeResources/DataLayer.uasset" 9
"../../../Engine/Content/EditorMaterials/GizmoMaterial.uasset" 10
"../../../Engine/Content/EditorMaterials/MAT_Groups_Toggle.uasset" 11
"../../../Engine/Content/EditorMaterials/MAT_Groups_Visibility.uasset" 12
"../../../Engine/Content/EditorMaterials/PreviewShadowIndicator.uasset" 13
"../../../Engine/Content/EditorMaterials/PreviewShadowIndicatorMaterial.uasset" 14
"../../../Engine/Content/EditorMaterials/MatineeGroups/MAT_ColorTrack.uasset" 15
"../../../Engine/Content/EditorMaterials/MatineeGroups/MAT_Groups_Anim.uasset" 16
"../../../Engine/Content/EditorMaterials/MatineeGroups/MAT_Groups_AudioMaster.uasset" 17
"../../../Engine/Content/EditorMaterials/MatineeGroups/MAT_Groups_Director.uasset" 18
"../../../Engine/Content/EditorMaterials/MatineeGroups/MAT_Groups_Event.uasset" 19
"../../../Engine/Content/EditorMaterials/MatineeGroups/MAT_Groups_Fade.uasset" 20
"../../../Engine/Content/EditorMaterials/MatineeGroups/MAT_Groups_Float.uasset" 21
"../../../Engine/Content/EditorMaterials/MatineeGroups/MAT_Groups_Move.uasset" 22
"../../../Engine/Content/EditorMaterials/MatineeGroups/MAT_Groups_Slomo.uasset" 23
"../../../Engine/Content/EditorMaterials/MatineeGroups/MAT_Groups_Sound.uasset" 24
"../../../Engine/Content/EditorMaterials/MatineeGroups/MAT_Groups_Vector.uasset" 25
"../../../Engine/Content/EditorMaterials/ParticleSystems/PSysThumbnail_NoImage.uasset" 26
"../../../Engine/Content/EditorMaterials/ParticleSystems/PSysThumbnail_OOD.uasset" 27
"../../../Engine/Content/EditorMaterials/Camera/CineMat.uasset" 28
"../../../Engine/Content/EditorMaterials/Camera/MI_CineMat_Rig.uasset" 29
"../../../Engine/Content/EditorMeshes/Camera/SM_CraneRig_Arm.uasset" 30
"../../../Engine/Content/EditorMeshes/Camera/SM_CraneRig_Base.uasset" 31
"../../../Engine/Content/EditorMeshes/Camera/SM_CraneRig_Body.uasset" 32
"../../../Engine/Content/EditorMeshes/Camera/SM_CraneRig_Mount.uasset" 33
"../../../Engine/Content/EditorMeshes/Camera/SM_RailRig_Mount.uasset" 34
"../../../Engine/Content/EditorMeshes/Camera/SM_RailRig_Track.uasset" 35
"../../../Engine/Content/EditorResources/BSPVertex.uasset" 36
"../../../Engine/Content/EditorResources/EmptyActor.uasset" 37
"../../../Engine/Content/EditorResources/S_Actor.uasset" 38
"../../../Engine/Content/EditorResources/S_Trigger.uasset" 39
"../../../Engine/Content/EditorResources/LightIcons/S_LightError.uasset" 40
"../../../Engine/Content/EditorResources/SequenceRecorder/Countdown.uasset" 41
"../../../Engine/Content/EditorResources/SequenceRecorder/RecordingIndicator.uasset" 42
"../../../Engine/Content/EditorSounds/Notifications/CompileFailed.uasset" 43
"../../../Engine/Content/EditorSounds/Notifications/CompileFailed_Cue.uasset" 44
"../../../Engine/Content/EditorSounds/Notifications/CompileSuccess.uasset" 45
"../../../Engine/Content/EditorSounds/Notifications/CompileStart_Cue.uasset" 46
"../../../Engine/Content/EditorSounds/Notifications/CompileSuccess_Cue.uasset" 47
"../../../Engine/Content/EngineDamageTypes/DmgTypeBP_Environmental.uasset" 48
"../../../Engine/Content/EngineDebugMaterials/HeatmapGradient.uasset" 49
"../../../Engine/Content/EngineDebugMaterials/BoneWeightMaterial.uasset" 50
"../../../Engine/Content/EngineDebugMaterials/ClothMaterial.uasset" 51
"../../../Engine/Content/EngineDebugMaterials/ClothMaterial_WF.uasset" 52
"../../../Engine/Content/EngineDebugMaterials/DebugEditorMaterial.uasset" 53
"../../../Engine/Content/EngineDebugMaterials/DebugMeshMaterial.uasset" 54
"../../../Engine/Content/EngineDebugMaterials/GeomMaterial.uasset" 55
"../../../Engine/Content/EngineDebugMaterials/M_SimpleTranslucent.uasset" 56
"../../../Engine/Content/EngineFonts/Faces/RobotoBold.uasset" 57
"../../../Engine/Content/EngineFonts/Faces/RobotoBoldItalic.uasset" 58
"../../../Engine/Content/EngineFonts/Faces/RobotoItalic.uasset" 59
"../../../Engine/Content/EngineFonts/Faces/RobotoLight.uasset" 60
"../../../Engine/Content/EngineFonts/Faces/RobotoRegular.uasset" 61
"../../../Engine/Content/EngineFonts/Roboto.uasset" 62
"../../../Engine/Content/EngineFonts/Faces/RobotoTiny.uasset" 63
"../../../Engine/Content/EngineFonts/RobotoTiny.uasset" 64
"../../../Engine/Content/EngineMaterials/BaseFlattenDiffuseMap.uasset" 65
"../../../Engine/Content/EngineMaterials/BaseFlattenEmissiveMap.uasset" 66
"../../../Engine/Content/EngineMaterials/BaseFlattenGrayscaleMap.uasset" 67
"../../../Engine/Content/EngineMaterials/BaseFlattenNormalMap.uasset" 68
"../../../Engine/Content/EngineMaterials/BaseFlattenMaterial.uasset" 69
"../../../Engine/Content/EngineMaterials/DefaultBloomKernel.uasset" 70
"../../../Engine/Content/EngineMaterials/DefaultBokeh.uasset" 71
"../../../Engine/Content/EngineMaterials/DefaultDiffuse.uasset" 72
"../../../Engine/Content/EngineMaterials/DefaultDeferredDecalMaterial.uasset" 73
"../../../Engine/Content/EngineMaterials/DefaultLightFunctionMaterial.uasset" 74
"../../../Engine/Content/EngineMaterials/DefaultPhysicalMaterial.uasset" 75
"../../../Engine/Content/Functions/Engine_MaterialFunctions02/Utility/BreakOutFloat2Components.uasset" 76
"../../../Engine/Content/EngineMaterials/DefaultPostProcessMaterial.uasset" 77
"../../../Engine/Content/EngineMaterials/DefaultWhiteGrid.uasset" 78
"../../../Engine/Content/EngineMaterials/EditorBrushMaterial.uasset" 79
"../../../Engine/Content/EngineMaterials/Good64x64TilingNoiseHighFreq.uasset" 80
"../../../Engine/Content/EngineMaterials/MiniFont.uasset" 81
"../../../Engine/Content/EngineMaterials/InvalidLightmapSettings.uasset" 82
"../../../Engine/Content/EngineMaterials/M_InvalidLightmapSettings.uasset" 83
"../../../Engine/Content/Functions/Engine_MaterialFunctions02/WorldPositionOffset/CameraOffset.uasset" 84
"../../../Engine/Content/EngineMaterials/PhAT_JointLimitMaterial.uasset" 85
"../../../Engine/Content/EngineMaterials/PreintegratedSkinBRDF.uasset" 86
"../../../Engine/Content/EngineMaterials/RemoveSurfaceMaterial.uasset" 87
"../../../Engine/Content/EngineMaterials/WeightMapPlaceholderTexture.uasset" 88
"../../../Engine/Content/EngineResources/WhiteSquareTexture.uasset" 89
"../../../Engine/Content/EngineMaterials/Widget3DPassThrough.uasset" 90
"../../../Engine/Content/EngineMaterials/Widget3DPassThrough_Masked.uasset" 91
"../../../Engine/Content/EngineMaterials/Widget3DPassThrough_Opaque.uasset" 92
"../../../Engine/Content/EngineMaterials/Widget3DPassThrough_Masked_OneSided.uasset" 93
"../../../Engine/Content/EngineMaterials/Widget3DPassThrough_Opaque_OneSided.uasset" 94
"../../../Engine/Content/EngineMaterials/Widget3DPassThrough_Translucent.uasset" 95
"../../../Engine/Content/EngineMaterials/Widget3DPassThrough_Translucent_OneSided.uasset" 96
"../../../Engine/Content/EngineMaterials/DefaultMaterial.uasset" 97
"../../../Engine/Content/EngineMeshes/Cylinder.uasset" 98
"../../../Engine/Content/EngineMeshes/Sphere.uasset" 99
"../../../Engine/Content/EngineResources/DefaultTexture.uasset" 100
"../../../Engine/Content/EngineResources/DefaultTextureCube.uasset" 101
"../../../Engine/Content/EngineResources/DefaultVolumeTexture2D.uasset" 102
"../../../Engine/Content/EngineResources/DefaultVolumeTexture.uasset" 103
"../../../Engine/Content/EngineResources/GradientTexture0.uasset" 104
"../../../Engine/Content/EngineSounds/Master.uasset" 105
"../../../Engine/Content/Functions/Engine_MaterialFunctions01/Shading/ConvertFromDiffSpec.uasset" 106
"../../../Engine/Content/Functions/Engine_MaterialFunctions01/Shading/PowerToRoughness.uasset" 107
"../../../Engine/Content/Maps/Templates/Thumbnails/Default.uasset" 108
"../../../Engine/Content/Maps/Templates/Thumbnails/VR-Basic.uasset" 109
"../../../Engine/Content/MobileResources/T_MobileControls_texture.uasset" 110
"../../../Engine/Content/MobileResources/T_MobileMenu2.uasset" 111
"../../../Engine/Content/MobileResources/HUD/AnalogHat.uasset" 112
"../../../Engine/Content/MobileResources/HUD/DefaultVirtualJoysticks.uasset" 113
"../../../Engine/Content/MobileResources/HUD/LeftVirtualJoystickOnly.uasset" 114
"../../../Engine/Content/MobileResources/HUD/MobileHUDButton1_off.uasset" 115
"../../../Engine/Content/MobileResources/HUD/MobileHUDButton1_on.uasset" 116
"../../../Engine/Content/MobileResources/HUD/MobileHUDButton2_off.uasset" 117
"../../../Engine/Content/MobileResources/HUD/MobileHUDButton2_on.uasset" 118
"../../../Engine/Content/MobileResources/HUD/MobileHUDButton3.uasset" 119
"../../../Engine/Content/MobileResources/HUD/MobileHUDButtonFire.uasset" 120
"../../../Engine/Content/MobileResources/HUD/MobileHUDDirectionPad.uasset" 121
"../../../Engine/Content/MobileResources/HUD/MobileHUDDirectionPad2.uasset" 122
"../../../Engine/Content/MobileResources/HUD/MobileHUDDirectionPad3.uasset" 123
"../../../Engine/Content/MobileResources/HUD/MobileHUDDirectionStick.uasset" 124
"../../../Engine/Content/MobileResources/HUD/T_Castle_ThumbstickInner.uasset" 125
"../../../Engine/Content/MobileResources/HUD/T_Castle_ThumbstickOutter.uasset" 126
"../../../Engine/Content/Tutorial/ContentIntroCurve.uasset" 127
"../../../Engine/Content/Tutorial/Basics/TutorialAssets/icon_tab_Levels_40x.uasset" 128
"../../../Engine/Content/Tutorial/BlueprintTutorials/TutorialAssets/Blueprint_64x.uasset" 129
"../../../Engine/Content/VREditor/LaserPointer/VR_LaserPower_01.uasset" 130
"../../../Engine/Content/VREditor/TransformGizmo/TransformGizmoMaterial.uasset" 131
"../../../Engine/Content/VREditor/TransformGizmo/TranslucentTransformGizmoMaterial.uasset" 132
"../../../Engine/Content/VREditor/TransformGizmo/BoundingBoxCorner.uasset" 133
"../../../Engine/Content/VREditor/TransformGizmo/BoundingBoxEdge.uasset" 134
"../../../Engine/Content/VREditor/TransformGizmo/PlaneTranslationHandle.uasset" 135
"../../../Engine/Content/VREditor/TransformGizmo/Main.uasset" 136
"../../../Engine/Content/VREditor/TransformGizmo/Xray.uasset" 137
"../../../Engine/Content/VREditor/TransformGizmo/SM_Sequencer_Key.uasset" 138
"../../../Engine/Content/VREditor/TransformGizmo/SM_Sequencer_Node.uasset" 139
"../../Plugins/2D/Paper2D/Content/PlaceholderTextures/DummySpriteTexture.uasset" 140
"../../Plugins/2D/Paper2D/Content/DummySprite.uasset" 141
"../../Plugins/2D/Paper2D/Content/DefaultPaperTerrainMaterial.uasset" 142
"../../Plugins/2D/Paper2D/Content/DefaultSpriteMaterial.uasset" 143
"../../Plugins/2D/Paper2D/Content/MaskedUnlitSpriteMaterial.uasset" 144
"../../Plugins/2D/Paper2D/Content/OpaqueUnlitSpriteMaterial.uasset" 145
"../../Plugins/Runtime/Oculus/OculusVR/Content/Materials/PokeAHoleMaterial.uasset" 146
"../../Plugins/Runtime/Oculus/OculusVR/Content/Textures/GearVRController_AO.uasset" 147
"../../Plugins/Runtime/Oculus/OculusVR/Content/Textures/GearVRController_Color.uasset" 148
"../../Plugins/Runtime/Oculus/OculusVR/Content/Textures/GearVRController_Normal.uasset" 149
"../../Plugins/Runtime/Oculus/OculusVR/Content/Materials/GearVRControllerMaterial.uasset" 150
"../../Plugins/Runtime/Oculus/OculusVR/Content/Meshes/GearVrController.uasset" 151
"../../Plugins/Runtime/Oculus/OculusVR/Content/Textures/touchController_albedo.uasset" 152
"../../Plugins/Runtime/Oculus/OculusVR/Content/Textures/touchController_controlmap.uasset" 153
"../../Plugins/Runtime/Oculus/OculusVR/Content/Materials/touchController_mat.uasset" 154
"../../Plugins/Runtime/Oculus/OculusVR/Content/Meshes/LeftTouchController.uasset" 155
"../../Plugins/Runtime/Oculus/OculusVR/Content/Meshes/RiftHMD.uasset" 156
"../../Plugins/Runtime/Oculus/OculusVR/Content/Meshes/RightTouchController.uasset" 157
"../../../Engine/Content/EngineMeshes/Humanoid.uasset" 158
"../../../../UEProjects/TomatoProt/Content/AnimStarterPack/UE4_Mannequin/Mesh/UE4_Mannequin_Skeleton.uasset" 159
"../../../../UEProjects/TomatoProt/Content/AnimStarterPack/Crouch_Idle_Rifle_Hip.uasset" 160
"../../../../UEProjects/TomatoProt/Content/AnimStarterPack/Crouch_Idle_Rifle_Ironsights.uasset" 161
"../../../../UEProjects/TomatoProt/Content/AnimStarterPack/Crouch_Walk_Fwd_Rifle_Ironsights.uasset" 162
"../../../../UEProjects/TomatoProt/Content/AnimStarterPack/Equip_Pistol_Standing.uasset" 163
"../../../../UEProjects/TomatoProt/Content/AnimStarterPack/Fire_Rifle_Ironsights.uasset" 164
"../../../../UEProjects/TomatoProt/Content/AnimStarterPack/Hit_React_1.uasset" 165
"../../../../UEProjects/TomatoProt/Content/AnimStarterPack/Hit_React_2.uasset" 166
"../../../../UEProjects/TomatoProt/Content/AnimStarterPack/Hit_React_3.uasset" 167
"../../../../UEProjects/TomatoProt/Content/AnimStarterPack/Idle_Rifle_Hip_Break1.uasset" 168
"../../../../UEProjects/TomatoProt/Content/AnimStarterPack/Idle_Rifle_Hip_Break2.uasset" 169
"../../../../UEProjects/TomatoProt/Content/AnimStarterPack/Reload_Rifle_Hip.uasset" 170
"../../../../UEProjects/TomatoProt/Content/AnimStarterPack/Walk_Fwd_Rifle_Ironsights.uasset" 171
"../../../Engine/Content/EditorBlueprintResources/StandardMacros.uasset" 172
"../../../Engine/Content/EngineSky/C_Sky_Cloud_Color.uasset" 173
"../../../Engine/Content/EngineSky/C_Sky_Horizon_Color.uasset" 174
"../../../Engine/Content/EngineSky/C_Sky_Zenith_Color.uasset" 175
"../../../Engine/Content/EngineSky/T_Sky_Blue.uasset" 176
"../../../Engine/Content/EngineSky/T_Sky_Clouds_M.uasset" 177
"../../../Engine/Content/EngineSky/T_Sky_Stars.uasset" 178
"../../../Engine/Content/EngineSky/M_Sky_Panning_Clouds2.uasset" 179
"../../../Engine/Content/EngineSky/SM_SkySphere.uasset" 180
"../../../Engine/Content/EngineSky/BP_Sky_Sphere.uasset" 181
"../../../Engine/Content/TemplateResources/M_Template_Master.uasset" 182
"../../../Engine/Content/TemplateResources/MI_Template_BaseGray_03_Metal.uasset" 183
"../../../Engine/Content/Functions/Engine_MaterialFunctions02/Utility/BlendAngleCorrectedNormals.uasset" 184
"../../../Engine/Content/Functions/MaterialLayerFunctions/MatLayerBlend_AO.uasset" 185
"../../../Engine/Content/Functions/MaterialLayerFunctions/MatLayerBlend_NormalBlend.uasset" 186
"../../../Engine/Content/Functions/MaterialLayerFunctions/MatLayerBlend_Simple.uasset" 187
"../../../../UEProjects/TomatoProt/Content/AnimStarterPack/UE4_Mannequin/Materials/MaterialLayers/T_ML_Rubber_Blue_01_D.uasset" 188
"../../../../UEProjects/TomatoProt/Content/AnimStarterPack/UE4_Mannequin/Materials/MaterialLayers/T_ML_Rubber_Blue_01_N.uasset" 189
"../../../../UEProjects/TomatoProt/Content/AnimStarterPack/UE4_Mannequin/Materials/MaterialLayers/ML_GlossyBlack_Latex_UE4.uasset" 190
"../../../../UEProjects/TomatoProt/Content/AnimStarterPack/UE4_Mannequin/Materials/MaterialLayers/ML_Plastic_Shiny_Beige.uasset" 191
"../../../../UEProjects/TomatoProt/Content/AnimStarterPack/UE4_Mannequin/Textures/UE4_LOGO_CARD.uasset" 192
"../../../../UEProjects/TomatoProt/Content/AnimStarterPack/UE4_Mannequin/Materials/MaterialLayers/ML_Plastic_Shiny_Beige_LOGO.uasset" 193
"../../../../UEProjects/TomatoProt/Content/AnimStarterPack/UE4_Mannequin/Materials/MaterialLayers/T_ML_Aluminum01.uasset" 194
"../../../../UEProjects/TomatoProt/Content/AnimStarterPack/UE4_Mannequin/Materials/MaterialLayers/T_ML_Aluminum01_N.uasset" 195
"../../../../UEProjects/TomatoProt/Content/AnimStarterPack/UE4_Mannequin/Materials/MaterialLayers/ML_SoftMetal_UE4.uasset" 196
"../../../../UEProjects/TomatoProt/Content/AnimStarterPack/UE4_Mannequin/Textures/UE4_Mannequin__normals.uasset" 197
"../../../../UEProjects/TomatoProt/Content/AnimStarterPack/UE4_Mannequin/Textures/UE4_Mannequin_MAT_MASKA.uasset" 198
"../../../../UEProjects/TomatoProt/Content/AnimStarterPack/UE4_Mannequin/Textures/UE4_Mannequin_occlusion_Mobile.uasset" 199
"../../../../UEProjects/TomatoProt/Content/AnimStarterPack/UE4_Mannequin/Materials/M_UE4Man_Body.uasset" 200
"../../../../UEProjects/TomatoProt/Content/AnimStarterPack/UE4_Mannequin/Textures/UE4Man_Logo_N.uasset" 201
"../../../../UEProjects/TomatoProt/Content/AnimStarterPack/UE4_Mannequin/Materials/M_UE4Man_ChestLogo.uasset" 202
"../../../../UEProjects/TomatoProt/Content/AnimStarterPack/UE4_Mannequin/Mesh/SK_Mannequin_PhysicsAsset.uasset" 203
"../../../../UEProjects/TomatoProt/Content/AnimStarterPack/UE4_Mannequin/Mesh/SK_Mannequin.uasset" 204
"../../../../UEProjects/TomatoProt/Content/AnimStarterPack/Showcase.umap" 205
"../../../Engine/Content/EditorBlueprintResources/ActorMacros.uasset" 206
"../../../../UEProjects/TomatoProt/Content/MOBASpawnPoints/Blueprints/BP_MOBA_MacroLibrary.uasset" 207
"../../../../UEProjects/TomatoProt/Content/MOBASpawnPoints/Blueprints/IMOBASpawner.uasset" 208
"../../../../UEProjects/TomatoProt/Content/TwinStickBP/GameMode/IGameMode.uasset" 209
"../../../../UEProjects/TomatoProt/Content/MOBASpawnPoints/Blueprints/BP_Base_SpawnPoint.uasset" 210
"../../../../UEProjects/TomatoProt/Content/MOBASpawnPoints/Blueprints/ISpawnableCreep.uasset" 211
"../../../../UEProjects/TomatoProt/Content/MOBASpawnPoints/Blueprints/BP_Boss_SpawnPoint.uasset" 212
"../../../../UEProjects/TomatoProt/Content/MOBASpawnPoints/Blueprints/SWaveSpecificCreeps.uasset" 213
"../../../../UEProjects/TomatoProt/Content/MOBASpawnPoints/Blueprints/BP_Lane_SpawnPoint.uasset" 214
"../../../../UEProjects/TomatoProt/Content/MOBASpawnPoints/Blueprints/BP_Camp_SpawnPoint.uasset" 215
"../../../../UEProjects/TomatoProt/Content/MOBASpawnPoints/Blueprints/Creeps/BP_AICreep_BaseType.uasset" 216
"../../../Engine/Content/BasicShapes/BasicShapeMaterial.uasset" 217
"../../../Engine/Content/BasicShapes/Cylinder.uasset" 218
"../../../../UEProjects/TomatoProt/Content/MOBASpawnPoints/Blueprints/Creeps/BP_AICreep_Boss.uasset" 219
"../../../Engine/Content/BasicShapes/Cone.uasset" 220
"../../../../UEProjects/TomatoProt/Content/MOBASpawnPoints/Blueprints/Creeps/BP_AICreep_Camp.uasset" 221
"../../../Engine/Content/BasicShapes/Cube.uasset" 222
"../../../../UEProjects/TomatoProt/Content/MOBASpawnPoints/Blueprints/Creeps/BP_AICreep_Melee.uasset" 223
"../../../../UEProjects/TomatoProt/Content/MOBASpawnPoints/Blueprints/Creeps/BP_AICreep_Ranged.uasset" 224
"../../../Engine/Content/BasicShapes/Sphere.uasset" 225
"../../../../UEProjects/TomatoProt/Content/MOBASpawnPoints/Blueprints/Creeps/BP_AICreep_Siege.uasset" 226
"../../../../UEProjects/TomatoProt/Content/MOBASpawnPoints/FirstPersonBP/Character/Mesh/SK_Mannequin_Arms_Skeleton.uasset" 227
"../../../../UEProjects/TomatoProt/Content/MOBASpawnPoints/FirstPersonBP/Animations/FirstPerson_Idle.uasset" 228
"../../../../UEProjects/TomatoProt/Content/MOBASpawnPoints/FirstPersonBP/Animations/FirstPerson_JumpEnd.uasset" 229
"../../../../UEProjects/TomatoProt/Content/MOBASpawnPoints/FirstPersonBP/Animations/FirstPerson_JumpLoop.uasset" 230
"../../../../UEProjects/TomatoProt/Content/MOBASpawnPoints/FirstPersonBP/Animations/FirstPerson_JumpStart.uasset" 231
"../../../../UEProjects/TomatoProt/Content/MOBASpawnPoints/FirstPersonBP/Animations/FirstPerson_Run.uasset" 232
"../../../../UEProjects/TomatoProt/Content/MOBASpawnPoints/FirstPersonBP/Animations/FirstPerson_AnimBP.uasset" 233
"../../../../UEProjects/TomatoProt/Content/MOBASpawnPoints/FirstPersonBP/Animations/FirstPerson_Fire.uasset" 234
"../../../../UEProjects/TomatoProt/Content/MOBASpawnPoints/FirstPersonBP/Animations/FirstPerson_Fire_Montage.uasset" 235
"../../../Engine/Content/TemplateResources/MI_Template_BaseOrange.uasset" 236
"../../../../UEProjects/TomatoProt/Content/MOBASpawnPoints/FirstPersonBP/Meshes/FirstPerson_ProjectileMesh.uasset" 237
"../../../../UEProjects/TomatoProt/Content/MOBASpawnPoints/FirstPersonBP/Blueprints/FirstPersonProjectile.uasset" 238
"../../../../UEProjects/TomatoProt/Content/MOBASpawnPoints/FirstPersonBP/Audio/FirstPerson_WeaponFire.uasset" 239
"../../../../UEProjects/TomatoProt/Content/MOBASpawnPoints/FirstPersonBP/Character/Materials/MaterialLayers/T_ML_Rubber_Blue_01_D.uasset" 240
"../../../../UEProjects/TomatoProt/Content/MOBASpawnPoints/FirstPersonBP/Character/Materials/MaterialLayers/T_ML_Rubber_Blue_01_N.uasset" 241
"../../../../UEProjects/TomatoProt/Content/MOBASpawnPoints/FirstPersonBP/Character/Materials/MaterialLayers/ML_GlossyBlack_Latex_UE4.uasset" 242
"../../../../UEProjects/TomatoProt/Content/MOBASpawnPoints/FirstPersonBP/Character/Materials/MaterialLayers/ML_Plastic_Shiny_Beige.uasset" 243
"../../../../UEProjects/TomatoProt/Content/MOBASpawnPoints/FirstPersonBP/Character/Materials/MaterialLayers/ML_Plastic_Shiny_Beige_LOGO.uasset" 244
"../../../../UEProjects/TomatoProt/Content/MOBASpawnPoints/FirstPersonBP/Character/Materials/MaterialLayers/T_ML_Aluminum01.uasset" 245
"../../../../UEProjects/TomatoProt/Content/MOBASpawnPoints/FirstPersonBP/Character/Materials/MaterialLayers/T_ML_Aluminum01_N.uasset" 246
"../../../../UEProjects/TomatoProt/Content/MOBASpawnPoints/FirstPersonBP/Character/Materials/MaterialLayers/ML_SoftMetal_UE4.uasset" 247
"../../../../UEProjects/TomatoProt/Content/MOBASpawnPoints/FirstPersonBP/Character/Textures/UE4_Mannequin__normals.uasset" 248
"../../../../UEProjects/TomatoProt/Content/MOBASpawnPoints/FirstPersonBP/Character/Textures/UE4_Mannequin_MAT_MASKA.uasset" 249
"../../../../UEProjects/TomatoProt/Content/MOBASpawnPoints/FirstPersonBP/Character/Textures/UE4_Mannequin_occlusion_Mobile.uasset" 250
"../../../../UEProjects/TomatoProt/Content/MOBASpawnPoints/FirstPersonBP/Character/Materials/M_UE4Man_Body.uasset" 251
"../../../../UEProjects/TomatoProt/Content/MOBASpawnPoints/FirstPersonBP/Character/Mesh/SK_Mannequin_Arms_PhysicsAsset.uasset" 252
"../../../../UEProjects/TomatoProt/Content/MOBASpawnPoints/FirstPersonBP/Character/Mesh/SK_Mannequin_Arms.uasset" 253
"../../../../UEProjects/TomatoProt/Content/MOBASpawnPoints/FirstPersonBP/Blueprints/FirstPersonCharacter.uasset" 254
"../../../../UEProjects/TomatoProt/Content/MOBASpawnPoints/FirstPersonBP/Textures/FirstPersonCrosshair.uasset" 255
"../../../../UEProjects/TomatoProt/Content/MOBASpawnPoints/FirstPersonBP/Blueprints/FirstPersonHUD.uasset" 256
"../../../../UEProjects/TomatoProt/Content/MOBASpawnPoints/FirstPersonBP/Blueprints/FirstPersonGameMode.uasset" 257
"../../../../UEProjects/TomatoProt/Content/MOBASpawnPoints/FirstPersonBP/Meshes/CubeMaterial.uasset" 258
"../../../../UEProjects/TomatoProt/Content/MOBASpawnPoints/Blueprints/WBP_MOBA_SpawnTimers.uasset" 259
"../../../../UEProjects/TomatoProt/Content/MOBASpawnPoints/Meshes/SM_Stair_Wide.uasset" 260
"../../../../UEProjects/TomatoProt/Content/MOBASpawnPoints/Maps/Showcase.umap" 261
"../../../../UEProjects/TomatoProt/Content/RoboBars/Demo/Blueprints/BP_FirstPersonCharacter.uasset" 262
"../../../../UEProjects/TomatoProt/Content/RoboBars/Demo/Blueprints/BP_FirstPersonGameMode.uasset" 263
"../../../Engine/Content/EngineFonts/RobotoDistanceField.uasset" 264
"../../../Engine/Content/EngineMaterials/DefaultTextMaterialOpaque.uasset" 265
"../../../../UEProjects/TomatoProt/Content/RoboBars/DemoRoom/Materials/DefaultTextMaterialTranslucentUnlit.uasset" 266
"../../../../UEProjects/TomatoProt/Content/RoboBars/DemoRoom/Materials/M_DemoWall.uasset" 267
"../../../../UEProjects/TomatoProt/Content/RoboBars/DemoRoom/Materials/M_DemoWall_Inst.uasset" 268
"../../../../UEProjects/TomatoProt/Content/RoboBars/DemoRoom/Materials/M_DemoWall_Inst_3.uasset" 269
"../../../../UEProjects/TomatoProt/Content/RoboBars/DemoRoom/Materials/M_DemoWall_Inst_NamePlate.uasset" 270
"../../../../UEProjects/TomatoProt/Content/RoboBars/DemoRoom/Materials/M_DemoWall_Inst_BaseFloor_Inst.uasset" 271
"../../../../UEProjects/TomatoProt/Content/RoboBars/DemoRoom/BluePrint/BP_DemoDisplay_Enum.uasset" 272
"../../../../UEProjects/TomatoProt/Content/RoboBars/DemoRoom/Materials/M_DemoWall_Inst2.uasset" 273
"../../../../UEProjects/TomatoProt/Content/RoboBars/DemoRoom/Meshes/SM_Base.uasset" 274
"../../../../UEProjects/TomatoProt/Content/RoboBars/DemoRoom/Meshes/SM_Base2.uasset" 275
"../../../../UEProjects/TomatoProt/Content/RoboBars/DemoRoom/Meshes/SM_Base_FlatWall.uasset" 276
"../../../../UEProjects/TomatoProt/Content/RoboBars/DemoRoom/Meshes/SM_BaseRoom.uasset" 277
"../../../../UEProjects/TomatoProt/Content/RoboBars/DemoRoom/Meshes/SM_NamePlate.uasset" 278
"../../../../UEProjects/TomatoProt/Content/RoboBars/DemoRoom/BluePrint/BP_DemoDisplay.uasset" 279
"../../../../UEProjects/TomatoProt/Content/RoboBars/DemoRoom/BluePrint/BP_DemoRoom_Enum.uasset" 280
"../../../../UEProjects/TomatoProt/Content/RoboBars/DemoRoom/BluePrint/DemoRoomStruct.uasset" 281
"../../../../UEProjects/TomatoProt/Content/RoboBars/DemoRoom/Textures/T_UnrealEngineDecal.uasset" 282
"../../../../UEProjects/TomatoProt/Content/RoboBars/DemoRoom/Materials/M_Glass.uasset" 283
"../../../../UEProjects/TomatoProt/Content/RoboBars/DemoRoom/Textures/T_RoomTiles_M.uasset" 284
"../../../../UEProjects/TomatoProt/Content/RoboBars/DemoRoom/Textures/T_RoomTiles_N.uasset" 285
"../../../../UEProjects/TomatoProt/Content/RoboBars/DemoRoom/Materials/M_DemoRoomTiles.uasset" 286
"../../../../UEProjects/TomatoProt/Content/RoboBars/DemoRoom/Materials/M_DemoRoomTiles_Inst.uasset" 287
"../../../../UEProjects/TomatoProt/Content/RoboBars/DemoRoom/Textures/T_Pattern_M.uasset" 288
"../../../../UEProjects/TomatoProt/Content/RoboBars/DemoRoom/Materials/M_DemoWallPattern.uasset" 289
"../../../../UEProjects/TomatoProt/Content/RoboBars/DemoRoom/Materials/M_DemoWallPattern_Inst.uasset" 290
"../../../../UEProjects/TomatoProt/Content/RoboBars/DemoRoom/Materials/M_DemoWallPattern_Inst_Mirrored.uasset" 291
"../../../../UEProjects/TomatoProt/Content/RoboBars/DemoRoom/Materials/M_DemoWallPattern_NoText.uasset" 292
"../../../../UEProjects/TomatoProt/Content/RoboBars/DemoRoom/Materials/M_Glass_Inst.uasset" 293
"../../../../UEProjects/TomatoProt/Content/RoboBars/DemoRoom/Meshes/SM_DemoDivider_1.uasset" 294
"../../../../UEProjects/TomatoProt/Content/RoboBars/DemoRoom/Meshes/SM_DemoDivider_2.uasset" 295
"../../../../UEProjects/TomatoProt/Content/RoboBars/DemoRoom/Meshes/SM_DemoRoomBackWall.uasset" 296
"../../../../UEProjects/TomatoProt/Content/RoboBars/DemoRoom/Materials/M_DemoWall_MattPlastic.uasset" 297
"../../../../UEProjects/TomatoProt/Content/RoboBars/DemoRoom/Meshes/SM_DemoRoomBackWall2.uasset" 298
"../../../../UEProjects/TomatoProt/Content/RoboBars/DemoRoom/Materials/M_LightTube.uasset" 299
"../../../../UEProjects/TomatoProt/Content/RoboBars/DemoRoom/Materials/M_LightTube_Inst.uasset" 300
"../../../../UEProjects/TomatoProt/Content/RoboBars/DemoRoom/Meshes/SM_DemoRoomClamp.uasset" 301
"../../../../UEProjects/TomatoProt/Content/RoboBars/DemoRoom/Meshes/SM_DemoRoomClamp2.uasset" 302
"../../../../UEProjects/TomatoProt/Content/RoboBars/DemoRoom/Meshes/SM_DemoRoomL.uasset" 303
"../../../../UEProjects/TomatoProt/Content/RoboBars/DemoRoom/Meshes/SM_DemoRoomLTrim.uasset" 304
"../../../../UEProjects/TomatoProt/Content/RoboBars/DemoRoom/Meshes/SM_DemoRoomTrim.uasset" 305
"../../../../UEProjects/TomatoProt/Content/RoboBars/DemoRoom/Meshes/SM_DemoRoomTrim2.uasset" 306
"../../../../UEProjects/TomatoProt/Content/RoboBars/DemoRoom/Meshes/SM_DemoRoomTrimAdd.uasset" 307
"../../../../UEProjects/TomatoProt/Content/RoboBars/DemoRoom/Meshes/SM_DemoRoomU.uasset" 308
"../../../../UEProjects/TomatoProt/Content/RoboBars/DemoRoom/Meshes/SM_DemoRoomU2.uasset" 309
"../../../../UEProjects/TomatoProt/Content/RoboBars/DemoRoom/Meshes/SM_DemoRoomU_Hole.uasset" 310
"../../../../UEProjects/TomatoProt/Content/RoboBars/DemoRoom/Meshes/SM_URoom_Wall.uasset" 311
"../../../../UEProjects/TomatoProt/Content/RoboBars/DemoRoom/Meshes/SM_URoom_Wall2.uasset" 312
"../../../../UEProjects/TomatoProt/Content/RoboBars/DemoRoom/BluePrint/BP_DemoRoom.uasset" 313
"../../../Engine/Content/ArtTools/RenderToTexture/MaterialFunctions/CheckerPattern.uasset" 314
"../../../Engine/Content/Functions/Engine_MaterialFunctions02/Utility/BreakOutFloat4Components.uasset" 315
"../../../Engine/Content/Functions/Engine_MaterialFunctions02/Utility/MakeFloat2.uasset" 316
"../../../Engine/Content/Functions/Engine_MaterialFunctions02/Utility/MakeFloat4.uasset" 317
"../../../Engine/Content/Functions/Engine_MaterialFunctions02/Utility/Swizzle.uasset" 318
"../../../Engine/Content/Functions/Engine_MaterialFunctions02/Utility/VectorLength.uasset" 319
"../../../../UEProjects/TomatoProt/Content/RoboBars/Functins/MF_CircleBarTime.uasset" 320
"../../../../UEProjects/TomatoProt/Content/RoboBars/Functins/MF_DivisionJumpHard.uasset" 321
"../../../../UEProjects/TomatoProt/Content/RoboBars/Functins/MF_SMin.uasset" 322
"../../../../UEProjects/TomatoProt/Content/RoboBars/Functins/MF_SmoothStepWidth.uasset" 323
"../../../../UEProjects/TomatoProt/Content/RoboBars/Functins/MF_Translcent.uasset" 324
"../../../../UEProjects/TomatoProt/Content/RoboBars/Functins/MF_TriangleWave.uasset" 325
"../../../../UEProjects/TomatoProt/Content/RoboBars/Textures/Gloss/T_Gloss_Light.uasset" 326
"../../../../UEProjects/TomatoProt/Content/RoboBars/Materials/MF_Layers.uasset" 327
"../../../../UEProjects/TomatoProt/Content/RoboBars/Textures/Patterns/T_PatternHeart.uasset" 328
"../../../../UEProjects/TomatoProt/Content/RoboBars/Materials/MF_Circle.uasset" 329
"../../../../UEProjects/TomatoProt/Content/RoboBars/Materials/M_SurfaceCircleBar.uasset" 330
"../../../../UEProjects/TomatoProt/Content/RoboBars/Materials/MI_SurfaceCircleBar.uasset" 331
"../../../../UEProjects/TomatoProt/Content/RoboBars/Materials/ExamplesSurfaceCircle/MI_LoadingBar.uasset" 332
"../../../../UEProjects/TomatoProt/Content/RoboBars/Materials/ExamplesSurface/SM_PreviewCircleModel.uasset" 333
"../../../../UEProjects/TomatoProt/Content/RoboBars/Materials/ExamplesSurfaceCircle/BP_CircleBar.uasset" 334
"../../../../UEProjects/TomatoProt/Content/RoboBars/Functins/MF_SMin2.uasset" 335
"../../../../UEProjects/TomatoProt/Content/RoboBars/Materials/MF_Rect.uasset" 336
"../../../../UEProjects/TomatoProt/Content/RoboBars/Materials/M_SurfaceRectBar.uasset" 337
"../../../../UEProjects/TomatoProt/Content/RoboBars/Materials/MI_SurfaceRectBar.uasset" 338
"../../../../UEProjects/TomatoProt/Content/RoboBars/Textures/Gloss/T_Gloss_Dark.uasset" 339
"../../../../UEProjects/TomatoProt/Content/RoboBars/Materials/ExamplesSurface/MI_DivisionPattern.uasset" 340
"../../../../UEProjects/TomatoProt/Content/RoboBars/Materials/ExamplesSurface/MI_DIvisionScale.uasset" 341
"../../../../UEProjects/TomatoProt/Content/RoboBars/Materials/ExamplesSurface/MI_DivisionSmooth.uasset" 342
"../../../../UEProjects/TomatoProt/Content/RoboBars/Materials/ExamplesSurface/MI_DivisionWinXP.uasset" 343
"../../../../UEProjects/TomatoProt/Content/RoboBars/Textures/Patterns/T_PatternLayersArrow.uasset" 344
"../../../../UEProjects/TomatoProt/Content/RoboBars/Materials/ExamplesSurface/MI_PatternArrow.uasset" 345
"../../../../UEProjects/TomatoProt/Content/RoboBars/Materials/ExamplesSurface/MI_PatternHearts.uasset" 346
"../../../../UEProjects/TomatoProt/Content/RoboBars/Textures/Gloss/T_GLossShadowCenter.uasset" 347
"../../../../UEProjects/TomatoProt/Content/RoboBars/Textures/Gloss/T_GlossShadowEdge.uasset" 348
"../../../../UEProjects/TomatoProt/Content/RoboBars/Textures/Patterns/T_PatternHex.uasset" 349
"../../../../UEProjects/TomatoProt/Content/RoboBars/Materials/ExamplesSurface/MI_PatternHex.uasset" 350
"../../../../UEProjects/TomatoProt/Content/RoboBars/Textures/Patterns/T_patternStar.uasset" 351
"../../../../UEProjects/TomatoProt/Content/RoboBars/Materials/ExamplesSurface/MI_PatternStars.uasset" 352
"../../../../UEProjects/TomatoProt/Content/RoboBars/Textures/Gradient/T_GradientCOlors.uasset" 353
"../../../../UEProjects/TomatoProt/Content/RoboBars/Materials/ExamplesSurface/MI_PogressColors.uasset" 354
"../../../../UEProjects/TomatoProt/Content/RoboBars/Textures/Gradient/T_GradientBurn.uasset" 355
"../../../../UEProjects/TomatoProt/Content/RoboBars/Textures/Patterns/T_PatternWorley.uasset" 356
"../../../../UEProjects/TomatoProt/Content/RoboBars/Materials/ExamplesSurface/MI_ProgressBurn.uasset" 357
"../../../../UEProjects/TomatoProt/Content/RoboBars/Materials/ExamplesSurface/MI_ProgressHealth.uasset" 358
"../../../../UEProjects/TomatoProt/Content/RoboBars/Materials/ExamplesSurface/MI_ProgressRound.uasset" 359
"../../../../UEProjects/TomatoProt/Content/RoboBars/Materials/ExamplesSurfaceCircle/MI_DivisionsThin.uasset" 360
"../../../../UEProjects/TomatoProt/Content/RoboBars/Materials/ExamplesSurfaceCircle/MI_FlatColor.uasset" 361
"../../../../UEProjects/TomatoProt/Content/RoboBars/Materials/ExamplesSurfaceCircle/MI_FlatOutline.uasset" 362
"../../../../UEProjects/TomatoProt/Content/RoboBars/Materials/ExamplesSurfaceCircle/MI_HeartShape.uasset" 363
"../../../../UEProjects/TomatoProt/Content/RoboBars/Materials/ExamplesSurfaceCircle/MI_OutlineBIg.uasset" 364
"../../../../UEProjects/TomatoProt/Content/RoboBars/Materials/ExamplesSurfaceCircle/MI_OutlineRadius.uasset" 365
"../../../../UEProjects/TomatoProt/Content/RoboBars/Materials/ExamplesSurfaceCircle/MI_OutlineSmall.uasset" 366
"../../../../UEProjects/TomatoProt/Content/RoboBars/Materials/ExamplesSurfaceCircle/MI_SimplePogress.uasset" 367
"../../../../UEProjects/TomatoProt/Content/RoboBars/Textures/Gloss/T_GLossShadowVertical.uasset" 368
"../../../../UEProjects/TomatoProt/Content/RoboBars/Materials/ExamplesSurfaceCircle/MI_SoftNeon.uasset" 369
"../../../../UEProjects/TomatoProt/Content/RoboBars/Materials/M_UmgRectBar.uasset" 370
"../../../../UEProjects/TomatoProt/Content/RoboBars/Materials/MI_UmgRectBar.uasset" 371
"../../../../UEProjects/TomatoProt/Content/RoboBars/Materials/ExamplesUmg/MI_UmgDivisionScale.uasset" 372
"../../../../UEProjects/TomatoProt/Content/RoboBars/Materials/ExamplesUmg/MI_UmgDivisionSmooth.uasset" 373
"../../../../UEProjects/TomatoProt/Content/RoboBars/Materials/ExamplesUmg/MI_UmgDivisionWinXP.uasset" 374
"../../../../UEProjects/TomatoProt/Content/RoboBars/Materials/ExamplesUmg/MI_UmgParameterChange.uasset" 375
"../../../../UEProjects/TomatoProt/Content/RoboBars/Materials/ExamplesUmg/MI_UmgPatternArrow.uasset" 376
"../../../../UEProjects/TomatoProt/Content/RoboBars/Materials/ExamplesUmg/MI_UmgPatternHearts.uasset" 377
"../../../../UEProjects/TomatoProt/Content/RoboBars/Materials/ExamplesUmg/MI_UmgPatternHex.uasset" 378
"../../../../UEProjects/TomatoProt/Content/RoboBars/Materials/ExamplesUmg/MI_UmgPatternStars.uasset" 379
"../../../../UEProjects/TomatoProt/Content/RoboBars/Materials/ExamplesUmg/MI_UmgPogressColors.uasset" 380
"../../../../UEProjects/TomatoProt/Content/RoboBars/Materials/ExamplesUmg/MI_UmgProgressBurn.uasset" 381
"../../../../UEProjects/TomatoProt/Content/RoboBars/Materials/ExamplesUmg/MI_UmgProgressHealth.uasset" 382
"../../../../UEProjects/TomatoProt/Content/RoboBars/Materials/ExamplesUmg/MI_UmgProgressRound.uasset" 383
"../../../../UEProjects/TomatoProt/Content/RoboBars/Materials/ExamplesUmg/MI_UmgUmgDivisionPattern.uasset" 384
"../../../../UEProjects/TomatoProt/Content/RoboBars/Materials/M_UmgCircleBar.uasset" 385
"../../../../UEProjects/TomatoProt/Content/RoboBars/Materials/MI_UmgCircleBar.uasset" 386
"../../../../UEProjects/TomatoProt/Content/RoboBars/Materials/ExamplesUmgCircle/MI_DivisionsThin.uasset" 387
"../../../../UEProjects/TomatoProt/Content/RoboBars/Materials/ExamplesUmgCircle/MI_FlatColor.uasset" 388
"../../../../UEProjects/TomatoProt/Content/RoboBars/Materials/ExamplesUmgCircle/MI_FlatOutline.uasset" 389
"../../../../UEProjects/TomatoProt/Content/RoboBars/Materials/ExamplesUmgCircle/MI_HeartShape.uasset" 390
"../../../../UEProjects/TomatoProt/Content/RoboBars/Materials/ExamplesUmgCircle/MI_LoadingBar.uasset" 391
"../../../../UEProjects/TomatoProt/Content/RoboBars/Materials/ExamplesUmgCircle/MI_OutlineBIg.uasset" 392
"../../../../UEProjects/TomatoProt/Content/RoboBars/Materials/ExamplesUmgCircle/MI_OutlineRadius.uasset" 393
"../../../../UEProjects/TomatoProt/Content/RoboBars/Materials/ExamplesUmgCircle/MI_OutlineSmall.uasset" 394
"../../../../UEProjects/TomatoProt/Content/RoboBars/Materials/ExamplesUmgCircle/MI_SimplePogress.uasset" 395
"../../../../UEProjects/TomatoProt/Content/RoboBars/Materials/ExamplesUmgCircle/MI_SoftNeon.uasset" 396
"../../../../UEProjects/TomatoProt/Content/RoboBars/Demo/Blueprints/BP_Hud.uasset" 397
"../../../../UEProjects/TomatoProt/Content/RoboBars/Materials/ExamplesSurface/SM_PreviewModel.uasset" 398
"../../../../UEProjects/TomatoProt/Content/RoboBars/Demo/Maps/RoboBarsDemoMap.umap" 399
"../../../../UEProjects/TomatoProt/Content/TwinStickBP/Blueprints/Weapon/WeaponType.uasset" 400
"../../../../UEProjects/TomatoProt/Content/TwinStickBP/SaveGame/SavePlayerInfo.uasset" 401
"../../../../UEProjects/TomatoProt/Content/InfinityBladeWarriors/Character/CompleteCharacters/SK_Mannequin_Skeleton.uasset" 402
"../../../../UEProjects/TomatoProt/Content/InfinityBladeWarriors/Character/CompleteCharacters/KartonowyAnim/Crouch_Idle_Rifle_Hip.uasset" 403
"../../../../UEProjects/TomatoProt/Content/InfinityBladeWarriors/Character/CompleteCharacters/KartonowyAnim/Idle_Rifle_Hip.uasset" 404
"../../../../UEProjects/TomatoProt/Content/InfinityBladeWarriors/Character/CompleteCharacters/KartonowyAnim/Jump_From_Jog.uasset" 405
"../../../../UEProjects/TomatoProt/Content/InfinityBladeWarriors/Character/CompleteCharacters/KartonowyAnim/Jump_From_Stand.uasset" 406
"../../../../UEProjects/TomatoProt/Content/InfinityBladeWarriors/Character/CompleteCharacters/KartonowyAnim/Crouch_Walk_Bwd_Rifle_Hip.uasset" 407
"../../../../UEProjects/TomatoProt/Content/InfinityBladeWarriors/Character/CompleteCharacters/KartonowyAnim/Crouch_Walk_Fwd_Rifle_Hip.uasset" 408
"../../../../UEProjects/TomatoProt/Content/InfinityBladeWarriors/Character/CompleteCharacters/KartonowyAnim/Crouch_Walk_Lt_Rifle_Hip.uasset" 409
"../../../../UEProjects/TomatoProt/Content/InfinityBladeWarriors/Character/CompleteCharacters/KartonowyAnim/Crouch_Walk_Rt_Rifle_Hip.uasset" 410
"../../../../UEProjects/TomatoProt/Content/InfinityBladeWarriors/Character/CompleteCharacters/KartonowyAnim/BS_CrouchWalk.uasset" 411
"../../../../UEProjects/TomatoProt/Content/InfinityBladeWarriors/Character/CompleteCharacters/KartonowyAnim/Jog_Bwd_Rifle.uasset" 412
"../../../../UEProjects/TomatoProt/Content/InfinityBladeWarriors/Character/CompleteCharacters/KartonowyAnim/Jog_Fwd_Rifle.uasset" 413
"../../../../UEProjects/TomatoProt/Content/InfinityBladeWarriors/Character/CompleteCharacters/KartonowyAnim/Jog_Lt_Rifle.uasset" 414
"../../../../UEProjects/TomatoProt/Content/InfinityBladeWarriors/Character/CompleteCharacters/KartonowyAnim/Jog_Rt_Rifle.uasset" 415
"../../../../UEProjects/TomatoProt/Content/InfinityBladeWarriors/Character/CompleteCharacters/KartonowyAnim/BS_Jog.uasset" 416
"../../../../UEProjects/TomatoProt/Content/AnimStarterPack/Idle_Rifle_Hip.uasset" 417
"../../../../UEProjects/TomatoProt/Content/AnimStarterPack/Jump_From_Jog.uasset" 418
"../../../../UEProjects/TomatoProt/Content/AnimStarterPack/Jump_From_Stand.uasset" 419
"../../../../UEProjects/TomatoProt/Content/AnimStarterPack/Crouch_Walk_Bwd_Rifle_Hip.uasset" 420
"../../../../UEProjects/TomatoProt/Content/AnimStarterPack/Crouch_Walk_Fwd_Rifle_Hip.uasset" 421
"../../../../UEProjects/TomatoProt/Content/AnimStarterPack/Crouch_Walk_Lt_Rifle_Hip.uasset" 422
"../../../../UEProjects/TomatoProt/Content/AnimStarterPack/Crouch_Walk_Rt_Rifle_Hip.uasset" 423
"../../../../UEProjects/TomatoProt/Content/AnimStarterPack/BS_CrouchWalk.uasset" 424
"../../../../UEProjects/TomatoProt/Content/AnimStarterPack/Jog_Bwd_Rifle.uasset" 425
"../../../../UEProjects/TomatoProt/Content/AnimStarterPack/Jog_Fwd_Rifle.uasset" 426
"../../../../UEProjects/TomatoProt/Content/AnimStarterPack/Jog_Lt_Rifle.uasset" 427
"../../../../UEProjects/TomatoProt/Content/AnimStarterPack/Jog_Rt_Rifle.uasset" 428
"../../../../UEProjects/TomatoProt/Content/AnimStarterPack/BS_Jog.uasset" 429
"../../../../UEProjects/TomatoProt/Content/AnimStarterPack/UE4ASP_HeroTPP_AnimBlueprint.uasset" 430
"../../../../UEProjects/TomatoProt/Content/AnimStarterPack/Ue4ASP_Character.uasset" 431
"../../../../UEProjects/TomatoProt/Content/InfinityBladeWarriors/Character/CompleteCharacters/KartonowyAnim/kartonowyAnimBP.uasset" 432
"../../../../UEProjects/TomatoProt/Content/InfinityBladeWarriors/Character/CompleteCharacters/KartonowyAnim/Death_2_kartonowy.uasset" 433
"../../../../UEProjects/TomatoProt/Content/TwinStickBP/Blueprints/HealthLibrary.uasset" 434
"../../../../UEProjects/TomatoProt/Content/TwinStickBP/Blueprints/InterfaceBlueprints/iDamageable.uasset" 435
"../../../../UEProjects/TomatoProt/Content/TwinStickBP/UI/MI_UmgBimmaHealth.uasset" 436
"../../../../UEProjects/TomatoProt/Content/TwinStickBP/UI/BimmaHealthBar.uasset" 437
"../../../../UEProjects/TomatoProt/Content/AdvancedVillagePack/Textures/T_Detail_N.uasset" 438
"../../../../UEProjects/TomatoProt/Content/AdvancedVillagePack/Textures/T_Pack_01_D.uasset" 439
"../../../../UEProjects/TomatoProt/Content/AdvancedVillagePack/Textures/T_Pack_01_N.uasset" 440
"../../../../UEProjects/TomatoProt/Content/AdvancedVillagePack/Textures/T_Pack_01_RM.uasset" 441
"../../../../UEProjects/TomatoProt/Content/AdvancedVillagePack/Textures/T_Pack_03_E.uasset" 442
"../../../../UEProjects/TomatoProt/Content/AdvancedVillagePack/Materials/M_Uber.uasset" 443
"../../../../UEProjects/TomatoProt/Content/AdvancedVillagePack/Textures/T_Pack_02_D.uasset" 444
"../../../../UEProjects/TomatoProt/Content/AdvancedVillagePack/Textures/T_Pack_02_N.uasset" 445
"../../../../UEProjects/TomatoProt/Content/AdvancedVillagePack/Textures/T_Pack_02_RM.uasset" 446
"../../../../UEProjects/TomatoProt/Content/AdvancedVillagePack/Materials/M_Inst_Pack_02.uasset" 447
"../../../../UEProjects/TomatoProt/Content/AdvancedVillagePack/Meshes/SM_Tomato.uasset" 448
"../../../../UEProjects/TomatoProt/Content/TwinStick/HUDimg/deadskull.uasset" 449
"../../../../UEProjects/TomatoProt/Content/TwinStick/HUDimg/Star_Icon.uasset" 450
"../../../../UEProjects/TomatoProt/Content/TwinStickBP/Materials/btn.uasset" 451
"../../../../UEProjects/TomatoProt/Content/TwinStickBP/UI/LooseGameHUD.uasset" 452
"../../../../UEProjects/TomatoProt/Content/VFX_Toolkit_V1/Textures/MergedNoise/T_LParticle_Clouds_Masks_01.uasset" 453
"../../../../UEProjects/TomatoProt/Content/VFX_Toolkit_V1/Materials/356Days/M_BombWake_Refrac_01.uasset" 454
"../../../Engine/Content/Functions/Engine_MaterialFunctions01/Gradient/SphereGradient-2D.uasset" 455
"../../../../UEProjects/TomatoProt/Content/VFX_Toolkit_V1/Mat_Functions/Luos_Selector_3x.uasset" 456
"../../../../UEProjects/TomatoProt/Content/VFX_Toolkit_V1/Textures/MergedNoise/T_LMagic_Water_01.uasset" 457
"../../../../UEProjects/TomatoProt/Content/VFX_Toolkit_V1/Textures/MergedSprites/T_BombWakeMasks_01.uasset" 458
"../../../../UEProjects/TomatoProt/Content/VFX_Toolkit_V1/Materials/356Days/M_BombWake_01.uasset" 459
"../../../../UEProjects/TomatoProt/Content/VFX_Toolkit_V1/MatInstances/356Days/MI_BombWake_01.uasset" 460
"../../../../UEProjects/TomatoProt/Content/VFX_Toolkit_V1/MatInstances/356Days/MI_BombWake_01_Flash.uasset" 461
"../../../../UEProjects/TomatoProt/Content/VFX_Toolkit_V1/StaticMeshes/Spheres/SM_Sphere_01.uasset" 462
"../../../../UEProjects/TomatoProt/Content/VFX_Toolkit_V1/ParticleSystems/356Days/Par_BombWaker.uasset" 463
"../../../../UEProjects/TomatoProt/Content/VFX_Toolkit_V1/Materials/MPCollection/MPC_TriblasterColor.uasset" 464
"../../../../UEProjects/TomatoProt/Content/VFX_Toolkit_V1/Materials/356Days/M_TriBlasterDots_01.uasset" 465
"../../../../UEProjects/TomatoProt/Content/VFX_Toolkit_V1/VectorFields/VF_Kaiser_VF_Line_01_Attract.uasset" 466
"../../../../UEProjects/TomatoProt/Content/VFX_Toolkit_V1/VectorFields/VF_KaiserLines_01_Repel.uasset" 467
"../../../../UEProjects/TomatoProt/Content/VFX_Toolkit_V1/VectorFields/VF_RandomNoise_01_90.uasset" 468
"../../../../UEProjects/TomatoProt/Content/VFX_Toolkit_V1/ParticleSystems/356Days/Par_VulcaBoom_01.uasset" 469
"../../../../UEProjects/TomatoProt/Content/TwinStickBP/Blueprints/BP_M3.uasset" 470
"../../../../UEProjects/TomatoProt/Content/TwinStickBP/Blueprints/BP_StarAI.uasset" 471
"../../../../UEProjects/TomatoProt/Content/TwinStickBP/GameMode/GameDifficulty.uasset" 472
"../../../../UEProjects/TomatoProt/Content/TwinStickBP/Levels/LevelsEnum.uasset" 473
"../../../../UEProjects/TomatoProt/Content/TwinStickBP/GameMode/BimmerGameInstance.uasset" 474
"../../../../UEProjects/TomatoProt/Content/MilitaryWeapSilver/FX/Textures/T_RockSmall_01.uasset" 475
"../../../../UEProjects/TomatoProt/Content/MilitaryWeapSilver/FX/Materials/M_RockSmall_01.uasset" 476
"../../../../UEProjects/TomatoProt/Content/MilitaryWeapSilver/FX/Textures/T_Smoke_8x8_B_01.uasset" 477
"../../../../UEProjects/TomatoProt/Content/MilitaryWeapSilver/FX/Textures/T_Spherical_NormalMap_01.uasset" 478
"../../../../UEProjects/TomatoProt/Content/MilitaryWeapSilver/FX/Materials/M_Smoke_8x8_B_01.uasset" 479
"../../../../UEProjects/TomatoProt/Content/MilitaryWeapSilver/FX/P_Impact_Stone_Small_01.uasset" 480
"../../../../UEProjects/TomatoProt/Content/TwinStick/Audio/pick02.uasset" 481
"../../../../UEProjects/TomatoProt/Content/TwinStickBP/bubble.uasset" 482
"../../../../UEProjects/TomatoProt/Content/TwinStickBP/StarMesh.uasset" 483
"../../../../UEProjects/TomatoProt/Content/TwinStickBP/Blueprints/BP_Star.uasset" 484
"../../../../UEProjects/TomatoProt/Content/TwinStickBP/Blueprints/Enemies/NewAIClass/BB_DupAiTree.uasset" 485
"../../../../UEProjects/TomatoProt/Content/TwinStickBP/Blueprints/Enemies/NewAIClass/Tasks/BTT_MoveToBimma.uasset" 486
"../../../../UEProjects/TomatoProt/Content/TwinStickBP/Blueprints/Enemies/NewAIClass/Tasks/DamageBimma.uasset" 487
"../../../../UEProjects/TomatoProt/Content/TwinStickBP/Blueprints/Enemies/NewAIClass/Tasks/GetBimmerLocation.uasset" 488
"../../../../UEProjects/TomatoProt/Content/TwinStickBP/Blueprints/Enemies/NewAIClass/Tasks/GetPlayerPosition.uasset" 489
"../../../../UEProjects/TomatoProt/Content/TwinStickBP/Blueprints/Enemies/NewAIClass/Tasks/GotoLastPlayerLocation.uasset" 490
"../../../../UEProjects/TomatoProt/Content/TwinStickBP/Blueprints/Enemies/NewAIClass/Tasks/MoveToPlayer.uasset" 491
"../../../../UEProjects/TomatoProt/Content/TwinStickBP/Blueprints/Enemies/NewAIClass/Tasks/SetFocusOnBimma.uasset" 492
"../../../../UEProjects/TomatoProt/Content/TwinStickBP/Blueprints/Enemies/NewAIClass/Tasks/SetFocusOnPlayer.uasset" 493
"../../../../UEProjects/TomatoProt/Content/TwinStickBP/Blueprints/Enemies/NewAIClass/BT_DupAITree.uasset" 494
"../../../../UEProjects/TomatoProt/Content/TwinStickBP/Blueprints/Enemies/NewAIClass/BP_EnemyClassTController.uasset" 495
"../../../../UEProjects/TomatoProt/Content/TwinStickBP/Materials/EnemyProjectile.uasset" 496
"../../../Engine/Content/EngineResources/Black.uasset" 497
"../../../../UEProjects/TomatoProt/Content/InfinityBladeEffects/Effects/Masters/M_Add_Sprite_Master_DepthFade.uasset" 498
"../../../../UEProjects/TomatoProt/Content/InfinityBladeEffects/Effects/FX_Textures/Gradient/T_SoftFallOff.uasset" 499
"../../../../UEProjects/TomatoProt/Content/InfinityBladeEffects/Effects/FX_Materials/Gradient/M_Flare_03_INST.uasset" 500
"../../../../UEProjects/TomatoProt/Content/InfinityBladeEffects/Effects/Masters/M_Add_Sprite_Master.uasset" 501
"../../../../UEProjects/TomatoProt/Content/InfinityBladeEffects/Effects/FX_Textures/Gradient/T_LightCone.uasset" 502
"../../../../UEProjects/TomatoProt/Content/InfinityBladeEffects/Effects/FX_Materials/Gradient/M_Flare_Vertical_02_Inst.uasset" 503
"../../../../UEProjects/TomatoProt/Content/InfinityBladeEffects/Effects/FX_Mobile/Fire/P_Beam_Laser_FireAttack.uasset" 504
"../../../../UEProjects/TomatoProt/Content/TwinStickBP/Blueprints/Weapon/EnemyProjectile.uasset" 505
"../../../../UEProjects/TomatoProt/Content/TwinStickBP/UI/MI_UmgEnemyHealth.uasset" 506
"../../../../UEProjects/TomatoProt/Content/TwinStickBP/UI/EnemyHealthBar.uasset" 507
"../../../../UEProjects/TomatoProt/Content/BloodPack_SplashesAndWashedAdditionalMaterials/4096x4096/Splashes/AlphasAddon/T_Splash_01_M.uasset" 508
"../../../../UEProjects/TomatoProt/Content/BloodPack_SplashesAndWashedAdditionalMaterials/MasterMaterial/Texture4K/T_Blood_Fresh_BC.uasset" 509
"../../../../UEProjects/TomatoProt/Content/BloodPack_SplashesAndWashedAdditionalMaterials/MasterMaterial/Texture4K/T_Blood_R.uasset" 510
"../../../../UEProjects/TomatoProt/Content/BloodPack_SplashesAndWashedAdditionalMaterials/MasterMaterial/M_Blood_Fresh.uasset" 511
"../../../../UEProjects/TomatoProt/Content/BloodPack_SplashesAndWashedAdditionalMaterials/4096x4096/Splashes/AlphasAddon/T_Splash_64_M.uasset" 512
"../../../../UEProjects/TomatoProt/Content/BloodPack_SplashesAndWashedAdditionalMaterials/4096x4096/Splashes/MI_Splash_Decal_64.uasset" 513
"../../../../UEProjects/TomatoProt/Content/BloodPack_SplashesAndWashedAdditionalMaterials/4096x4096/Splashes/AlphasAddon/T_Splash_78_M.uasset" 514
"../../../../UEProjects/TomatoProt/Content/BloodPack_SplashesAndWashedAdditionalMaterials/4096x4096/Splashes/MI_Splash_Decal_78.uasset" 515
"../../../../UEProjects/TomatoProt/Content/StarterContent/Textures/T_Burst_M.uasset" 516
"../../../../UEProjects/TomatoProt/Content/StarterContent/Particles/Materials/M_Burst.uasset" 517
"../../../../UEProjects/TomatoProt/Content/StarterContent/Textures/T_Explosion_SubUV.uasset" 518
"../../../../UEProjects/TomatoProt/Content/StarterContent/Particles/Materials/M_explosion_subUV.uasset" 519
"../../../../UEProjects/TomatoProt/Content/StarterContent/Particles/Materials/m_flare_01.uasset" 520
"../../../Engine/Content/Functions/Engine_MaterialFunctions01/Gradient/RadialGradient.uasset" 521
"../../../../UEProjects/TomatoProt/Content/StarterContent/Particles/Materials/M_radial_ramp.uasset" 522
"../../../../UEProjects/TomatoProt/Content/StarterContent/Textures/T_Smoke_SubUV.uasset" 523
"../../../../UEProjects/TomatoProt/Content/StarterContent/Textures/T_Smoke_Tiled_D.uasset" 524
"../../../../UEProjects/TomatoProt/Content/StarterContent/Particles/Materials/M_smoke_subUV.uasset" 525
"../../../../UEProjects/TomatoProt/Content/StarterContent/Particles/P_Explosion.uasset" 526
"../../../../UEProjects/TomatoProt/Content/MilitaryWeapSilver/FX/Textures/T_Ember_01.uasset" 527
"../../../../UEProjects/TomatoProt/Content/MilitaryWeapSilver/FX/Materials/M_Ember_Speed_01.uasset" 528
"../../../../UEProjects/TomatoProt/Content/MilitaryWeapSilver/FX/Textures/T_SparkImpacts_2x2_01.uasset" 529
"../../../../UEProjects/TomatoProt/Content/MilitaryWeapSilver/FX/Materials/M_SparksImpact_2x2_01.uasset" 530
"../../../../UEProjects/TomatoProt/Content/MilitaryWeapSilver/FX/Textures/T_Pistol_Streaks_01.uasset" 531
"../../../../UEProjects/TomatoProt/Content/MilitaryWeapSilver/FX/Materials/M_Pistol_Streaks_01.uasset" 532
"../../../../UEProjects/TomatoProt/Content/MilitaryWeapSilver/FX/Textures/T_Sparks_02.uasset" 533
"../../../../UEProjects/TomatoProt/Content/MilitaryWeapSilver/FX/Materials/M_Sparks_02.uasset" 534
"../../../../UEProjects/TomatoProt/Content/TwinStickBP/Materials/P_Impact_Metal_Medium_01.uasset" 535
"../../../../UEProjects/TomatoProt/Content/TwinStickBP/Blueprints/Enemies/NewAIClass/BP_EnemyClassT.uasset" 536
"../../../../UEProjects/TomatoProt/Content/TwinStickBP/Materials/ProjectileLaser.uasset" 537
"../../../../UEProjects/TomatoProt/Content/MilitaryWeapSilver/FX/Vector_Fields/VF_Turbulence_01.uasset" 538
"../../../../UEProjects/TomatoProt/Content/MilitaryWeapSilver/FX/P_Impact_Metal_Large_01.uasset" 539
"../../../../UEProjects/TomatoProt/Content/TwinStickBP/Blueprints/Weapon/MainProjectile.uasset" 540
"../../../../UEProjects/TomatoProt/Content/TwinStickBP/Materials/ProjectileLaser_2.uasset" 541
"../../../../UEProjects/TomatoProt/Content/TwinStickBP/Blueprints/Weapon/SecondaryProjectile.uasset" 542
"../../../../UEProjects/TomatoProt/Content/TwinStickBP/Blueprints/Weapon/ShotgunProjectile.uasset" 543
"../../../../UEProjects/TomatoProt/Content/TwinStickBP/Blueprints/Weapon/WeaponModifiersStructure.uasset" 544
"../../../../UEProjects/TomatoProt/Content/TwinStickBP/Blueprints/Weapon/WeaponStructure.uasset" 545
"../../../../UEProjects/TomatoProt/Content/MilitaryWeapSilver/Weapons/Textures/Assault_Rifle_A_Diff.uasset" 546
"../../../../UEProjects/TomatoProt/Content/MilitaryWeapSilver/Weapons/Textures/Assault_Rifle_A_masks.uasset" 547
"../../../../UEProjects/TomatoProt/Content/MilitaryWeapSilver/Weapons/Textures/Assault_Rifle_A_Norm.uasset" 548
"../../../../UEProjects/TomatoProt/Content/MilitaryWeapSilver/Weapons/Materials/M_WeaponMaster_01.uasset" 549
"../../../../UEProjects/TomatoProt/Content/MilitaryWeapSilver/Weapons/Textures/Pistols_A_Diff.uasset" 550
"../../../../UEProjects/TomatoProt/Content/MilitaryWeapSilver/Weapons/Textures/Pistols_A_Masks.uasset" 551
"../../../../UEProjects/TomatoProt/Content/MilitaryWeapSilver/Weapons/Textures/Pistols_A_Norm.uasset" 552
"../../../../UEProjects/TomatoProt/Content/MilitaryWeapSilver/Weapons/Materials/M_Pistol_01.uasset" 553
"../../../../UEProjects/TomatoProt/Content/MilitaryWeapSilver/Weapons/Pistols_A_PhysicsAsset.uasset" 554
"../../../../UEProjects/TomatoProt/Content/MilitaryWeapSilver/Weapons/Pistols_A_Skeleton.uasset" 555
"../../../../UEProjects/TomatoProt/Content/MilitaryWeapSilver/Weapons/Pistols_A.uasset" 556
"../../../../UEProjects/TomatoProt/Content/TwinStickBP/Blueprints/Weapon/WeaponBP_Pistol.uasset" 557
"../../../../UEProjects/TomatoProt/Content/MilitaryWeapSilver/Weapons/Materials/M_AssaultRifle_01.uasset" 558
"../../../../UEProjects/TomatoProt/Content/MilitaryWeapSilver/Weapons/Assault_Rifle_A_PhysicsAsset.uasset" 559
"../../../../UEProjects/TomatoProt/Content/MilitaryWeapSilver/Weapons/Assault_Rifle_A_Skeleton.uasset" 560
"../../../../UEProjects/TomatoProt/Content/MilitaryWeapSilver/Weapons/Assault_Rifle_A.uasset" 561
"../../../../UEProjects/TomatoProt/Content/TwinStickBP/Blueprints/Weapon/WeaponBP_Rifle.uasset" 562
"../../../../UEProjects/TomatoProt/Content/MilitaryWeapSilver/Weapons/Textures/Shotgun_A_Diff.uasset" 563
"../../../../UEProjects/TomatoProt/Content/MilitaryWeapSilver/Weapons/Textures/Shotgun_A_Masks.uasset" 564
"../../../../UEProjects/TomatoProt/Content/MilitaryWeapSilver/Weapons/Textures/Shotgun_A_Norm.uasset" 565
"../../../../UEProjects/TomatoProt/Content/MilitaryWeapSilver/Weapons/Materials/M_Shotgun_01.uasset" 566
"../../../../UEProjects/TomatoProt/Content/MilitaryWeapSilver/Weapons/Shotgun_A_PhysicsAsset.uasset" 567
"../../../../UEProjects/TomatoProt/Content/MilitaryWeapSilver/Weapons/Shotgun_A_Skeleton.uasset" 568
"../../../../UEProjects/TomatoProt/Content/MilitaryWeapSilver/Weapons/Shotgun_A.uasset" 569
"../../../../UEProjects/TomatoProt/Content/TwinStickBP/Blueprints/Weapon/WeaponBP_Shotgun.uasset" 570
"../../../../UEProjects/TomatoProt/Content/TwinStickBP/UI/MI_UmgPlayerHealth.uasset" 571
"../../../../UEProjects/TomatoProt/Content/TwinStickBP/UI/TurretCircle2.uasset" 572
"../../../../UEProjects/TomatoProt/Content/TwinStickBP/UI/weaponammo.uasset" 573
"../../../Engine/Content/VREditor/Sounds/UI/Camera_Shutter.uasset" 574
"../../../../UEProjects/TomatoProt/Content/KenneySpritePack/Materials/MaskedUnlitSpriteMaterial.uasset" 575
"../../../../UEProjects/TomatoProt/Content/KenneySpritePack/Items/Textures/star.uasset" 576
"../../../../UEProjects/TomatoProt/Content/KenneySpritePack/Items/star_Sprite.uasset" 577
"../../../../UEProjects/TomatoProt/Content/TwinStick/HUDimg/font-awesome_4-7-0_pause-circle_512_0_555555_none.uasset" 578
"../../../../UEProjects/TomatoProt/Content/TwinStickBP/Materials/Military_Icon_Kit/01_GUN/gun_ai_ae.uasset" 579
"../../../../UEProjects/TomatoProt/Content/TwinStickBP/Materials/Military_Icon_Kit/01_GUN/gun_hk_g36c.uasset" 580
"../../../../UEProjects/TomatoProt/Content/TwinStickBP/Materials/reload.uasset" 581
"../../../../UEProjects/TomatoProt/Content/TwinStickBP/Materials/rocket.uasset" 582
"../../../../UEProjects/TomatoProt/Content/TwinStickBP/Materials/wpn.uasset" 583
"../../../Engine/Content/VREditor/Sounds/UI/Floating_UI_Close.uasset" 584
"../../../../UEProjects/TomatoProt/Content/TwinStick/HUDimg/font-awesome_4-7-0_play-circle_512_0_555555_none.uasset" 585
"../../../../UEProjects/TomatoProt/Content/TwinStickBP/UI/PauseMenu.uasset" 586
"../../../../UEProjects/TomatoProt/Content/TwinStickBP/UI/HUD_BP.uasset" 587
"../../../../UEProjects/TomatoProt/Content/MilitaryWeapSilver/Sound/Pistol/Wavs/Pistol_Reload01.uasset" 588
"../../../../UEProjects/TomatoProt/Content/MilitaryWeapSilver/Sound/Pistol/Wavs/Pistol_Reload02.uasset" 589
"../../../../UEProjects/TomatoProt/Content/MilitaryWeapSilver/Sound/Pistol/Wavs/Pistol_Reload03.uasset" 590
"../../../../UEProjects/TomatoProt/Content/MilitaryWeapSilver/Sound/Pistol/Wavs/PistolA_Fire01.uasset" 591
"../../../../UEProjects/TomatoProt/Content/MilitaryWeapSilver/Sound/Pistol/Wavs/PistolA_Fire02.uasset" 592
"../../../../UEProjects/TomatoProt/Content/MilitaryWeapSilver/Sound/Pistol/Wavs/PistolA_Fire03.uasset" 593
"../../../../UEProjects/TomatoProt/Content/MilitaryWeapSilver/Sound/Pistol/Wavs/PistolA_Fire05.uasset" 594
"../../../../UEProjects/TomatoProt/Content/MilitaryWeapSilver/Sound/Rifle/Wavs/Rifle_Reload01.uasset" 595
"../../../../UEProjects/TomatoProt/Content/MilitaryWeapSilver/Sound/Rifle/Wavs/Rifle_Reload02.uasset" 596
"../../../../UEProjects/TomatoProt/Content/MilitaryWeapSilver/Sound/Rifle/Wavs/Rifle_Reload03.uasset" 597
"../../../../UEProjects/TomatoProt/Content/MilitaryWeapSilver/Sound/Rifle/Wavs/RifleA_Fire01.uasset" 598
"../../../../UEProjects/TomatoProt/Content/MilitaryWeapSilver/Sound/Rifle/Wavs/RifleA_Fire02.uasset" 599
"../../../../UEProjects/TomatoProt/Content/MilitaryWeapSilver/Sound/Rifle/Wavs/RifleA_Fire03.uasset" 600
"../../../../UEProjects/TomatoProt/Content/MilitaryWeapSilver/Sound/Rifle/Wavs/RifleA_Fire04.uasset" 601
"../../../../UEProjects/TomatoProt/Content/MilitaryWeapSilver/Sound/Shotgun/Wavs/Shotgun_Reload01.uasset" 602
"../../../../UEProjects/TomatoProt/Content/MilitaryWeapSilver/Sound/Shotgun/Wavs/Shotgun_Reload02.uasset" 603
"../../../../UEProjects/TomatoProt/Content/MilitaryWeapSilver/Sound/Shotgun/Wavs/Shotgun_Reload03.uasset" 604
"../../../../UEProjects/TomatoProt/Content/MilitaryWeapSilver/Sound/Shotgun/Wavs/ShotgunA_Fire01.uasset" 605
"../../../../UEProjects/TomatoProt/Content/MilitaryWeapSilver/Sound/Shotgun/Wavs/ShotgunA_Fire02.uasset" 606
"../../../../UEProjects/TomatoProt/Content/MilitaryWeapSilver/Sound/Shotgun/Wavs/ShotgunA_Fire03.uasset" 607
"../../../../UEProjects/TomatoProt/Content/MilitaryWeapSilver/Sound/Shotgun/Wavs/ShotgunA_Fire04.uasset" 608
"../../../../UEProjects/TomatoProt/Content/TwinStick/Audio/djfroyd_laser-one-shot-1.uasset" 609
"../../../../UEProjects/TomatoProt/Content/TwinStickBP/Blueprints/Weapon/WeaponTypeMod.uasset" 610
"../../../../UEProjects/TomatoProt/Content/TwinStickBP/Blueprints/Weapon/WeaponBP.uasset" 611
"../../../../UEProjects/TomatoProt/Content/TwinStickBP/Materials/ProjectileTurret.uasset" 612
"../../../../UEProjects/TomatoProt/Content/TwinStickBP/Blueprints/Weapon/TurretProjectile.uasset" 613
"../../../../UEProjects/TomatoProt/Content/VFX_Toolkit_V1/Mat_Functions/Luos_EasyRotate.uasset" 614
"../../../../UEProjects/TomatoProt/Content/VFX_Toolkit_V1/Textures/Gradients/T_Rainbow_01.uasset" 615
"../../../../UEProjects/TomatoProt/Content/VFX_Toolkit_V1/Materials/356Days/M_Vulcannon_01.uasset" 616
"../../../../UEProjects/TomatoProt/Content/VFX_Toolkit_V1/StaticMeshes/Various/SM_Vulcannon_01.uasset" 617
"../../../../UEProjects/TomatoProt/Content/TwinStickBP/Blueprints/VulcanonTurret.uasset" 618
"../../../Engine/Content/VREditor/UI/KeyMaterial.uasset" 619
"../../../Engine/Content/VREditor/UI/FrameMaterial.uasset" 620
"../../../../UEProjects/TomatoProt/Content/InfinityBladeWarriors/Character/CompleteCharacters/Textures_Materials/CharM_Cardboard/Char_M_Cardboard_D.uasset" 621
"../../../../UEProjects/TomatoProt/Content/InfinityBladeWarriors/Character/CompleteCharacters/Textures_Materials/CharM_Cardboard/Char_M_Cardboard_N.uasset" 622
"../../../../UEProjects/TomatoProt/Content/InfinityBladeWarriors/Character/CompleteCharacters/Textures_Materials/CharM_Cardboard/Char_M_Cardboard_Skin_Mask.uasset" 623
"../../../../UEProjects/TomatoProt/Content/InfinityBladeWarriors/Character/CompleteCharacters/Textures_Materials/CharM_Cardboard/M_Char_Cardboard.uasset" 624
"../../../../UEProjects/TomatoProt/Content/InfinityBladeWarriors/Character/CompleteCharacters/SK_CharM_Cardboard.uasset" 625
"../../../../UEProjects/TomatoProt/Content/MilitaryWeapSilver/Sound/Knife/Wavs/KnifeA_Swing03.uasset" 626
"../../../../UEProjects/TomatoProt/Content/KenneySpritePack/HUD/Textures/hudKey_blue_empty.uasset" 627
"../../../../UEProjects/TomatoProt/Content/KenneySpritePack/HUD/hudKey_blue_empty_Sprite.uasset" 628
"../../../../UEProjects/TomatoProt/Content/TwinStickBP/Materials/armorybg.uasset" 629
"../../../../UEProjects/TomatoProt/Content/TwinStickBP/Materials/Military_Icon_Kit/01_GUN/gun_aks74_speznatz.uasset" 630
"../../../../UEProjects/TomatoProt/Content/TwinStickBP/Materials/Military_Icon_Kit/01_GUN/gun_ithace37.uasset" 631
"../../../../UEProjects/TomatoProt/Content/TwinStickBP/Materials/Military_Icon_Kit/01_GUN/gun_sig_sauer_p228.uasset" 632
"../../../../UEProjects/TomatoProt/Content/TwinStickBP/UI/ArmoryMenu.uasset" 633
"../../../../UEProjects/TomatoProt/Content/TwinStickBP/UI/PlayerHealthBar.uasset" 634
"../../../../UEProjects/TomatoProt/Content/VFX_Toolkit_V1/Mat_Functions/Luos_Mask_Distorter.uasset" 635
"../../../../UEProjects/TomatoProt/Content/VFX_Toolkit_V1/Textures/MergedNoise/T_BufRing_Mask01.uasset" 636
"../../../../UEProjects/TomatoProt/Content/VFX_Toolkit_V1/Textures/NoiseNormals/T_NoiseNormal_21.uasset" 637
"../../../../UEProjects/TomatoProt/Content/VFX_Toolkit_V1/Materials/356Days/M_BuffRing_Swirls_01.uasset" 638
"../../../Engine/Content/Functions/Engine_MaterialFunctions02/Utility/Sine_Remapped.uasset" 639
"../../../../UEProjects/TomatoProt/Content/VFX_Toolkit_V1/Mat_Functions/Luos_TimeSine.uasset" 640
"../../../../UEProjects/TomatoProt/Content/VFX_Toolkit_V1/Textures/NoiseNormals/T_NoiseNormal_16.uasset" 641
"../../../../UEProjects/TomatoProt/Content/VFX_Toolkit_V1/Materials/356Days/M_BuffRingEffect_01.uasset" 642
"../../../../UEProjects/TomatoProt/Content/VFX_Toolkit_V1/StaticMeshes/Rings/SM_BufRing_01.uasset" 643
"../../../../UEProjects/TomatoProt/Content/VFX_Toolkit_V1/StaticMeshes/Rings/SM_BufRing_02.uasset" 644
"../../../../UEProjects/TomatoProt/Content/VFX_Toolkit_V1/StaticMeshes/Rings/SM_BufRing_03.uasset" 645
"../../../../UEProjects/TomatoProt/Content/VFX_Toolkit_V1/StaticMeshes/Swirls/SM_BufSwirl_01.uasset" 646
"../../../../UEProjects/TomatoProt/Content/VFX_Toolkit_V1/StaticMeshes/Swirls/SM_BufSwirl_02.uasset" 647
"../../../../UEProjects/TomatoProt/Content/VFX_Toolkit_V1/ParticleSystems/356Days/Par_BuffRing_01.uasset" 648
"../../../../UEProjects/TomatoProt/Content/TwinStickBP/Blueprints/PlayerPawnClass.uasset" 649
"../../../../UEProjects/TomatoProt/Content/TwinStickBP/Blueprints/Weapon/360Projectile.uasset" 650
"../../../../UEProjects/TomatoProt/Content/AdvancedVillagePack/Meshes/SM_Watermellon.uasset" 651
"../../../../UEProjects/TomatoProt/Content/TwinStickBP/Blueprints/BP_360PowerUp.uasset" 652
"../../../../UEProjects/TomatoProt/Content/TwinStickBP/Blueprints/BP_360Spawn.uasset" 653
"../../../Engine/Content/Functions/Engine_MaterialFunctions02/HueShift.uasset" 654
"../../../../UEProjects/TomatoProt/Content/First_Aid_Health_Kit/Textures/Defaults/T_Default_1024_AO.uasset" 655
"../../../../UEProjects/TomatoProt/Content/First_Aid_Health_Kit/Textures/Defaults/T_Default_1024_B.uasset" 656
"../../../../UEProjects/TomatoProt/Content/First_Aid_Health_Kit/Textures/Defaults/T_Default_1024_MT.uasset" 657
"../../../../UEProjects/TomatoProt/Content/First_Aid_Health_Kit/Textures/Defaults/T_Default_1024_N.uasset" 658
"../../../../UEProjects/TomatoProt/Content/First_Aid_Health_Kit/Textures/Defaults/T_Default_1024_R.uasset" 659
"../../../../UEProjects/TomatoProt/Content/First_Aid_Health_Kit/Textures/Defaults/T_Default_1024_RMA.uasset" 660
"../../../../UEProjects/TomatoProt/Content/First_Aid_Health_Kit/Materials/Functions/MF_BaseModule.uasset" 661
"../../../../UEProjects/TomatoProt/Content/First_Aid_Health_Kit/Materials/Functions/MF_ColorCorrectionModule.uasset" 662
"../../../../UEProjects/TomatoProt/Content/First_Aid_Health_Kit/Materials/M_MasterMaterial.uasset" 663
"../../../../UEProjects/TomatoProt/Content/First_Aid_Health_Kit/Textures/T_FirstAidKit1-02_2048_B.uasset" 664
"../../../../UEProjects/TomatoProt/Content/First_Aid_Health_Kit/Textures/T_FirstAidKit1-02_2048_N.uasset" 665
"../../../../UEProjects/TomatoProt/Content/First_Aid_Health_Kit/Textures/T_FirstAidKit1-02_2048_RMA.uasset" 666
"../../../../UEProjects/TomatoProt/Content/First_Aid_Health_Kit/Materials/Instances/MI_FirstAidKit1_02.uasset" 667
"../../../../UEProjects/TomatoProt/Content/First_Aid_Health_Kit/Meshes/SM_FirstAidKit1_02.uasset" 668
"../../../../UEProjects/TomatoProt/Content/TwinStickBP/Blueprints/BP_HealthKit.uasset" 669
"../../../../UEProjects/TomatoProt/Content/TwinStickBP/Blueprints/BP_HealthKitSpawn.uasset" 670
"../../../../UEProjects/TomatoProt/Content/InfinityBladeAdversaries/Enemy/Enemy_Great_Spider/SK_Greater_Spider_Skeleton.uasset" 671
"../../../../UEProjects/TomatoProt/Content/InfinityBladeAdversaries/Enemy/Enemy_Great_Spider/Enemy_SpiderGreater_Animation/ExoGame_Greater_Spider_Attack_Melee_B.uasset" 672
"../../../../UEProjects/TomatoProt/Content/InfinityBladeAdversaries/Enemy/Enemy_Great_Spider/Enemy_SpiderGreater_Animation/ExoGame_Greater_Spider_Idle.uasset" 673
"../../../../UEProjects/TomatoProt/Content/InfinityBladeAdversaries/Enemy/Enemy_Great_Spider/Enemy_SpiderGreater_Animation/ExoGame_Greater_Spider_Walk_Fwd.uasset" 674
"../../../../UEProjects/TomatoProt/Content/InfinityBladeAdversaries/Enemy/Enemy_Great_Spider/Enemy_SpiderGreater_Animation/SpiderBlendSpace.uasset" 675
"../../../../UEProjects/TomatoProt/Content/InfinityBladeAdversaries/Enemy/Enemy_Great_Spider/Enemy_SpiderGreater_Animation/SpiderAnimationBP.uasset" 676
"../../../../UEProjects/TomatoProt/Content/InfinityBladeAdversaries/Enemy/Enemy_Great_Spider/Textures/T_Enemy_GreaterSpider_Fire_D.uasset" 677
"../../../../UEProjects/TomatoProt/Content/InfinityBladeAdversaries/Enemy/Enemy_Great_Spider/Textures/T_Enemy_GreaterSpider_Fire_M.uasset" 678
"../../../../UEProjects/TomatoProt/Content/InfinityBladeAdversaries/Enemy/Enemy_Great_Spider/Textures/T_Enemy_GreaterSpider_Fire_N.uasset" 679
"../../../../UEProjects/TomatoProt/Content/InfinityBladeAdversaries/Enemy/Enemy_Great_Spider/Materials/CharM_Greater_Spider.uasset" 680
"../../../../UEProjects/TomatoProt/Content/InfinityBladeAdversaries/Enemy/Enemy_Great_Spider/SK_Greater_Spider.uasset" 681
"../../../../UEProjects/TomatoProt/Content/TwinStickBP/Blueprints/Enemies/NewAIClass/EnemyChild/BP_EnemyClassT_GreaterSpider.uasset" 682
"../../../../UEProjects/TomatoProt/Content/Import/gremlin_Skeleton.uasset" 683
"../../../../UEProjects/TomatoProt/Content/Import/ThirdPerson_Jump.uasset" 684
"../../../../UEProjects/TomatoProt/Content/Import/ThirdPersonJump_Loop.uasset" 685
"../../../../UEProjects/TomatoProt/Content/Import/ThirdPersonJump_Start.uasset" 686
"../../../../UEProjects/TomatoProt/Content/Import/ThirdPersonIdle.uasset" 687
"../../../../UEProjects/TomatoProt/Content/Import/ThirdPersonRun.uasset" 688
"../../../../UEProjects/TomatoProt/Content/Import/ThirdPersonWalk.uasset" 689
"../../../../UEProjects/TomatoProt/Content/Import/ThirdPerson_IdleRun_2D.uasset" 690
"../../../../UEProjects/TomatoProt/Content/Import/ThirdPerson_AnimBP.uasset" 691
"../../../../UEProjects/TomatoProt/Content/Import/Eared_Crank_Diffuse1.uasset" 692
"../../../../UEProjects/TomatoProt/Content/Import/Eared_Crank_Diffuse.uasset" 693
"../../../../UEProjects/TomatoProt/Content/Import/gremlin_PhysicsAsset.uasset" 694
"../../../../UEProjects/TomatoProt/Content/Import/gremlin.uasset" 695
"../../../../UEProjects/TomatoProt/Content/TwinStickBP/Blueprints/Enemies/NewAIClass/EnemyChild/BP_EnemyClassT_Gremlin.uasset" 696
"../../../../UEProjects/TomatoProt/Content/MixamoAnimPack/Mixamo_Alpha/Anims/Mixamo_Alpha_Skeleton.uasset" 697
"../../../../UEProjects/TomatoProt/Content/MixamoAnimPack/Mixamo_Alpha/Anims/Crouch_Idle_Rifle_Hip.uasset" 698
"../../../../UEProjects/TomatoProt/Content/MixamoAnimPack/Mixamo_Alpha/Anims/Idle_Rifle_Hip.uasset" 699
"../../../../UEProjects/TomatoProt/Content/MixamoAnimPack/Mixamo_Alpha/Anims/Jump_From_Jog.uasset" 700
"../../../../UEProjects/TomatoProt/Content/MixamoAnimPack/Mixamo_Alpha/Anims/Jump_From_Stand.uasset" 701
"../../../../UEProjects/TomatoProt/Content/MixamoAnimPack/Mixamo_Alpha/Anims/Jog_Bwd_Rifle.uasset" 702
"../../../../UEProjects/TomatoProt/Content/MixamoAnimPack/Mixamo_Alpha/Anims/Jog_Fwd_Rifle.uasset" 703
"../../../../UEProjects/TomatoProt/Content/MixamoAnimPack/Mixamo_Alpha/Anims/Jog_Lt_Rifle.uasset" 704
"../../../../UEProjects/TomatoProt/Content/MixamoAnimPack/Mixamo_Alpha/Anims/Jog_Rt_Rifle.uasset" 705
"../../../../UEProjects/TomatoProt/Content/MixamoAnimPack/Mixamo_Alpha/Anims/Mixamo_Alpha_Blendspace.uasset" 706
"../../../../UEProjects/TomatoProt/Content/MixamoAnimPack/Mixamo_Alpha/Anims/Mixamo_Alpha_Animation.uasset" 707
"../../../../UEProjects/TomatoProt/Content/TwinStickBP/Blueprints/Enemies/NewAIClass/Tasks/BTT_ShotPlayer.uasset" 708
"../../../../UEProjects/TomatoProt/Content/TwinStickBP/Blueprints/Enemies/NewAIClass/Tasks/BTTask_FireSerie.uasset" 709
"../../../../UEProjects/TomatoProt/Content/TwinStickBP/Blueprints/Enemies/NewAIClass/Tasks/ClearFocus.uasset" 710
"../../../../UEProjects/TomatoProt/Content/TwinStickBP/Blueprints/Enemies/NewAIClass/Tasks/ShooterMoveToPlayer.uasset" 711
"../../../../UEProjects/TomatoProt/Content/TwinStickBP/Blueprints/Enemies/NewAIClass/BossShootingAITree.uasset" 712
"../../../../UEProjects/TomatoProt/Content/MixamoAnimPack/Mixamo_Alpha/Materials/Alpha_Body_MAT.uasset" 713
"../../../../UEProjects/TomatoProt/Content/MixamoAnimPack/Mixamo_Alpha/Materials/Alpha_Joints_MAT.uasset" 714
"../../../../UEProjects/TomatoProt/Content/MixamoAnimPack/Mixamo_Alpha/Mesh/Maximo_Alpha_Physics.uasset" 715
"../../../../UEProjects/TomatoProt/Content/MixamoAnimPack/Mixamo_Alpha/Mesh/Maximo_Alpha.uasset" 716
"../../../../UEProjects/TomatoProt/Content/TwinStickBP/Blueprints/Enemies/NewAIClass/EnemyChild/BP_EnemyClassT_Shooter.uasset" 717
"../../../../UEProjects/TomatoProt/Content/Mixamo/strazak/strazak_Skeleton.uasset" 718
"../../../../UEProjects/TomatoProt/Content/Mixamo/strazak/strazak-attack-lisc.uasset" 719
"../../../../UEProjects/TomatoProt/Content/Mixamo/strazak/strazak-deadrun.uasset" 720
"../../../../UEProjects/TomatoProt/Content/Mixamo/strazak/strazak-deadwalk.uasset" 721
"../../../../UEProjects/TomatoProt/Content/Mixamo/strazak/strazak-idle.uasset" 722
"../../../../UEProjects/TomatoProt/Content/Mixamo/strazak/StrazakBlendSpace.uasset" 723
"../../../../UEProjects/TomatoProt/Content/Mixamo/strazak/StrazakAnimationBP.uasset" 724
"../../../../UEProjects/TomatoProt/Content/Mixamo/strazak/FuseModel_Body_Diffuse.uasset" 725
"../../../../UEProjects/TomatoProt/Content/Mixamo/strazak/FuseModel_Body_Gloss.uasset" 726
"../../../../UEProjects/TomatoProt/Content/Mixamo/strazak/FuseModel_Body_Normal.uasset" 727
"../../../../UEProjects/TomatoProt/Content/Mixamo/strazak/FuseModel_Body_Opacity.uasset" 728
"../../../../UEProjects/TomatoProt/Content/Mixamo/strazak/FuseModel_Body_Specular.uasset" 729
"../../../../UEProjects/TomatoProt/Content/Mixamo/strazak/Bodymat.uasset" 730
"../../../../UEProjects/TomatoProt/Content/Mixamo/strazak/FuseModel_Shoes_Diffuse.uasset" 731
"../../../../UEProjects/TomatoProt/Content/Mixamo/strazak/FuseModel_Shoes_Gloss.uasset" 732
"../../../../UEProjects/TomatoProt/Content/Mixamo/strazak/FuseModel_Shoes_Normal.uasset" 733
"../../../../UEProjects/TomatoProt/Content/Mixamo/strazak/FuseModel_Shoes_Opacity.uasset" 734
"../../../../UEProjects/TomatoProt/Content/Mixamo/strazak/FuseModel_Shoes_Specular.uasset" 735
"../../../../UEProjects/TomatoProt/Content/Mixamo/strazak/Shoesmat.uasset" 736
"../../../../UEProjects/TomatoProt/Content/Mixamo/strazak/FuseModel_Top_Diffuse.uasset" 737
"../../../../UEProjects/TomatoProt/Content/Mixamo/strazak/FuseModel_Top_Gloss.uasset" 738
"../../../../UEProjects/TomatoProt/Content/Mixamo/strazak/FuseModel_Top_Normal.uasset" 739
"../../../../UEProjects/TomatoProt/Content/Mixamo/strazak/FuseModel_Top_Opacity.uasset" 740
"../../../../UEProjects/TomatoProt/Content/Mixamo/strazak/FuseModel_Top_Specular.uasset" 741
"../../../../UEProjects/TomatoProt/Content/Mixamo/strazak/Topmat.uasset" 742
"../../../../UEProjects/TomatoProt/Content/Mixamo/strazak/strazak_PhysicsAsset.uasset" 743
"../../../../UEProjects/TomatoProt/Content/Mixamo/strazak/strazak.uasset" 744
"../../../../UEProjects/TomatoProt/Content/TwinStickBP/Blueprints/Enemies/NewAIClass/EnemyChild/BP_EnemyClassT_Straz.uasset" 745
"../../../../UEProjects/TomatoProt/Content/InfinityBladeEffects/Effects/FX_Textures/Gradient/T_SwipeTrail.uasset" 746
"../../../../UEProjects/TomatoProt/Content/InfinityBladeEffects/Effects/FX_Materials/Env/M_Treasure_Gold_Add_2sided.uasset" 747
"../../../../UEProjects/TomatoProt/Content/InfinityBladeEffects/Effects/FX_Textures/Env/T_Pickup_GoldBag_D.uasset" 748
"../../../../UEProjects/TomatoProt/Content/InfinityBladeEffects/Effects/FX_Textures/Env/T_Pickup_GoldBag_N.uasset" 749
"../../../../UEProjects/TomatoProt/Content/InfinityBladeEffects/Effects/FX_Materials/M_GoldBag.uasset" 750
"../../../../UEProjects/TomatoProt/Content/InfinityBladeEffects/Effects/FX_Meshes/Env/SM_TreasureChest_Gold.uasset" 751
"../../../../UEProjects/TomatoProt/Content/InfinityBladeFireLands/Environments/Forge/Env_Forge/Textures/T_Fire_Treasure1_D.uasset" 752
"../../../../UEProjects/TomatoProt/Content/InfinityBladeFireLands/Environments/Forge/Env_Forge/Textures/T_Fire_Treasure1_M.uasset" 753
"../../../../UEProjects/TomatoProt/Content/InfinityBladeFireLands/Environments/Forge/Env_Forge/Textures/T_Ice_Treasure1_N.uasset" 754
"../../../../UEProjects/TomatoProt/Content/InfinityBladeFireLands/Environments/Forge/Env_Forge/Materials/M_Fire_TreasureChest.uasset" 755
"../../../../UEProjects/TomatoProt/Content/InfinityBladeFireLands/Environments/Forge/Env_Forge/StaticMesh/SM_Forge_Chest_Bottom.uasset" 756
"../../../../UEProjects/TomatoProt/Content/InfinityBladeFireLands/Environments/Fire/Env_Fire_Rocky/Textures/T_Fire_Treasure1_D.uasset" 757
"../../../../UEProjects/TomatoProt/Content/InfinityBladeFireLands/Environments/Fire/Env_Fire_Rocky/Textures/T_Fire_Treasure1_M.uasset" 758
"../../../../UEProjects/TomatoProt/Content/InfinityBladeFireLands/Environments/Fire/Env_Fire_Rocky/Textures/T_Ice_Treasure1_N.uasset" 759
"../../../../UEProjects/TomatoProt/Content/InfinityBladeFireLands/Environments/Fire/Env_Fire_Rocky/Materials/M_Fire_TreasureChest.uasset" 760
"../../../../UEProjects/TomatoProt/Content/InfinityBladeFireLands/Environments/Forge/Env_Forge/StaticMesh/SM_Forge_Chest_Top.uasset" 761
"../../../../UEProjects/TomatoProt/Content/TwinStickBP/Blueprints/LootChest.uasset" 762
"../../../../UEProjects/TomatoProt/Content/TwinStickBP/Blueprints/Enemies/NewAIClass/EnemyChild/BP_EnemyClassT_StrazBOSS.uasset" 763
"../../../../UEProjects/TomatoProt/Content/InfinityBladeAdversaries/Enemy/Enemy_Clot_Worm/SK_Enemy_Clot_Worm_Skeleton.uasset" 764
"../../../../UEProjects/TomatoProt/Content/InfinityBladeAdversaries/Enemy/Enemy_Clot_Worm/Enemy_Clot_Worm_Animation/ExoGame_Baby_Clot_Worm_Slither_Foreward.uasset" 765
"../../../../UEProjects/TomatoProt/Content/InfinityBladeAdversaries/Enemy/Enemy_Clot_Worm/Enemy_Clot_Worm_Animation/ExoGame_Clot_Worm_Idle_1.uasset" 766
"../../../../UEProjects/TomatoProt/Content/InfinityBladeAdversaries/Enemy/Enemy_Clot_Worm/Enemy_Clot_Worm_Animation/ExoGame_Clot_Worm_Slither_Foreward.uasset" 767
"../../../../UEProjects/TomatoProt/Content/InfinityBladeAdversaries/Enemy/Enemy_Clot_Worm/Enemy_Clot_Worm_Animation/WormBlend.uasset" 768
"../../../../UEProjects/TomatoProt/Content/InfinityBladeAdversaries/Enemy/Enemy_Clot_Worm/Enemy_Clot_Worm_Animation/WormAnimationBP.uasset" 769
"../../../../UEProjects/TomatoProt/Content/InfinityBladeAdversaries/Enemy/Enemy_Clot_Worm/Textures/T_Enemy_Clotworm__N.uasset" 770
"../../../../UEProjects/TomatoProt/Content/InfinityBladeAdversaries/Enemy/Enemy_Clot_Worm/Textures/T_Enemy_Clotworm_D.uasset" 771
"../../../../UEProjects/TomatoProt/Content/InfinityBladeAdversaries/Enemy/Enemy_Clot_Worm/Textures/T_Enemy_Clotworm_M.uasset" 772
"../../../../UEProjects/TomatoProt/Content/InfinityBladeAdversaries/Enemy/Enemy_Clot_Worm/Materials/M_Clot_Worm.uasset" 773
"../../../../UEProjects/TomatoProt/Content/InfinityBladeAdversaries/Enemy/Enemy_Clot_Worm/SK_Enemy_Clot_Worm.uasset" 774
"../../../../UEProjects/TomatoProt/Content/TwinStickBP/Blueprints/Enemies/NewAIClass/EnemyChild/BP_EnemyClassT_Worm.uasset" 775
"../../../../UEProjects/TomatoProt/Content/TwinStickBP/Blueprints/NukePowerUpSpawn.uasset" 776
"../../../../UEProjects/TomatoProt/Content/TwinStickBP/Blueprints/TopDownController.uasset" 777
"../../../../UEProjects/TomatoProt/Content/TwinStickBP/SaveGame/SaveGameBP.uasset" 778
"../../../../UEProjects/TomatoProt/Content/TwinStickBP/SaveGame/SaveWeaponsBP.uasset" 779
"../../../../UEProjects/TomatoProt/Content/HeavyRiffs/Wavs/Heavy_Riff_4__looped_.uasset" 780
"../../../../UEProjects/TomatoProt/Content/TwinStickBP/Materials/happytomato.uasset" 781
"../../../../UEProjects/TomatoProt/Content/TwinStickBP/UI/WinGameHud.uasset" 782
"../../../../UEProjects/TomatoProt/Content/TwinStickBP/GameMode/SpawnToKillGameMode.uasset" 783
"../../../../UEProjects/TomatoProt/Content/TwinStickBP/Levels/Bimmer_map1_BuiltData.uasset" 784
"../../../../UEProjects/TomatoProt/Content/InfinityBladeFireLands/Environments/Fire/Env_Fire_FlameDungeon/Textures/T_Dungeon_Pipe_Lava_E.uasset" 785
"../../../../UEProjects/TomatoProt/Content/InfinityBladeFireLands/Environments/Fire/Env_Fire_FlameDungeon/Materials/M_Dungeon_Pipes_Lava.uasset" 786
"../../../../UEProjects/TomatoProt/Content/KiteDemo/Environments/GroundTiles/Grass/T_Ground_Grass_N.uasset" 787
"../../../../UEProjects/TomatoProt/Content/KiteDemo/Environments/GroundTiles/Grass/T_GDC_Grass01_D_NoisyAlpha.uasset" 788
"../../../../UEProjects/TomatoProt/Content/KiteDemo/Environments/GroundTiles/Grass/T_MacroVariation.uasset" 789
"../../../../UEProjects/TomatoProt/Content/KiteDemo/Environments/GroundTiles/Grass/T_Perlin_Noise_M.uasset" 790
"../../../../UEProjects/TomatoProt/Content/KiteDemo/Environments/GroundTiles/Grass/M_Ground_Grass2.uasset" 791
"../../../../UEProjects/TomatoProt/Content/AdvancedVillagePack/Materials/M_Inst_Pack_01.uasset" 792
"../../../../UEProjects/TomatoProt/Content/AdvancedVillagePack/Meshes/SM_Fence_Var01.uasset" 793
"../../../../UEProjects/TomatoProt/Content/AdvancedVillagePack/Meshes/SM_Fence_Var02.uasset" 794
"../../../../UEProjects/TomatoProt/Content/AdvancedVillagePack/Meshes/SM_Fence_Var03.uasset" 795
"../../../../UEProjects/TomatoProt/Content/AdvancedVillagePack/Meshes/SM_Fence_Var04.uasset" 796
"../../../../UEProjects/TomatoProt/Content/AdvancedVillagePack/Textures/T_Pack_06_D.uasset" 797
"../../../../UEProjects/TomatoProt/Content/AdvancedVillagePack/Textures/T_Pack_06_N.uasset" 798
"../../../../UEProjects/TomatoProt/Content/AdvancedVillagePack/Textures/T_Pack_06_RM.uasset" 799
"../../../../UEProjects/TomatoProt/Content/AdvancedVillagePack/Materials/M_Inst_Pack_06.uasset" 800
"../../../../UEProjects/TomatoProt/Content/AdvancedVillagePack/Meshes/SM_Log_Var01.uasset" 801
"../../../../UEProjects/TomatoProt/Content/AdvancedVillagePack/Meshes/SM_Log_Var02.uasset" 802
"../../../../UEProjects/TomatoProt/Content/AdvancedVillagePack/Meshes/SM_Log_Var03.uasset" 803
"../../../../UEProjects/TomatoProt/Content/AdvancedVillagePack/Meshes/SM_Log_Var04.uasset" 804
"../../../../UEProjects/TomatoProt/Content/AdvancedVillagePack/Meshes/SM_Logs_Var01.uasset" 805
"../../../../UEProjects/TomatoProt/Content/AdvancedVillagePack/Meshes/SM_Logs_Var02.uasset" 806
"../../../../UEProjects/TomatoProt/Content/AdvancedVillagePack/Meshes/SM_Mushroom_Var02.uasset" 807
"../../../../UEProjects/TomatoProt/Content/AdvancedVillagePack/Meshes/SM_Mushroom_Var03.uasset" 808
"../../../../UEProjects/TomatoProt/Content/AdvancedVillagePack/Meshes/SM_Mushroom_Var04.uasset" 809
"../../../../UEProjects/TomatoProt/Content/AdvancedVillagePack/Meshes/SM_Mushroom_Var05.uasset" 810
"../../../../UEProjects/TomatoProt/Content/AdvancedVillagePack/Meshes/SM_Sack_Apple.uasset" 811
"../../../../UEProjects/TomatoProt/Content/AdvancedVillagePack/Meshes/SM_Sack_Potato.uasset" 812
"../../../../UEProjects/TomatoProt/Content/AdvancedVillagePack/Meshes/SM_Sack_Tomato.uasset" 813
"../../../../UEProjects/TomatoProt/Content/AdvancedVillagePack/Meshes/SM_StoneFlat_Var01.uasset" 814
"../../../../UEProjects/TomatoProt/Content/AdvancedVillagePack/Meshes/SM_StoneFlat_Var02.uasset" 815
"../../../../UEProjects/TomatoProt/Content/AdvancedVillagePack/Meshes/SM_StoneFlat_Var03.uasset" 816
"../../../../UEProjects/TomatoProt/Content/AdvancedVillagePack/Meshes/SM_StoneFlat_Var04.uasset" 817
"../../../../UEProjects/TomatoProt/Content/AdvancedVillagePack/Meshes/SM_Stonepath_Var01.uasset" 818
"../../../../UEProjects/TomatoProt/Content/AdvancedVillagePack/Meshes/SM_Stonepath_Var02.uasset" 819
"../../../../UEProjects/TomatoProt/Content/AdvancedVillagePack/Meshes/SM_Stonepath_Var03.uasset" 820
"../../../../UEProjects/TomatoProt/Content/AdvancedVillagePack/Meshes/SM_Treestump_Var01.uasset" 821
"../../../../UEProjects/TomatoProt/Content/AdvancedVillagePack/Meshes/SM_Treestump_Var02.uasset" 822
"../../../../UEProjects/TomatoProt/Content/MultistoryDungeons/Textures/Atlas_Base_01.uasset" 823
"../../../../UEProjects/TomatoProt/Content/MultistoryDungeons/Textures/Atlas_Base_01_Normal.uasset" 824
"../../../../UEProjects/TomatoProt/Content/MultistoryDungeons/Textures/Atlas_Base_01_Roughness.uasset" 825
"../../../../UEProjects/TomatoProt/Content/MultistoryDungeons/Materials/Base_01.uasset" 826
"../../../../UEProjects/TomatoProt/Content/MultistoryDungeons/Blueprints/Stairs/Platform_09.uasset" 827
"../../../Engine/Content/Functions/Engine_MaterialFunctions01/WorldPositionOffset/SimpleGrassWind.uasset" 828
"../../../Engine/Content/Functions/MaterialLayerFunctions/MatLayerBlend_BakedNormal_SimpleAdd.uasset" 829
"../../../../UEProjects/TomatoProt/Content/StylizedDesertEnv/Materials/MaterialFunctions/EmmissiveMapSwitch.uasset" 830
"../../../../UEProjects/TomatoProt/Content/StylizedDesertEnv/Materials/MaterialFunctions/ARME_Maps.uasset" 831
"../../../../UEProjects/TomatoProt/Content/StylizedDesertEnv/Materials/MaterialFunctions/NormalStrength.uasset" 832
"../../../../UEProjects/TomatoProt/Content/StylizedDesertEnv/Materials/MaterialFunctions/SpecularMapSwitch.uasset" 833
"../../../../UEProjects/TomatoProt/Content/StylizedDesertEnv/Materials/Templates/D.uasset" 834
"../../../../UEProjects/TomatoProt/Content/StylizedDesertEnv/Materials/Templates/DA.uasset" 835
"../../../../UEProjects/TomatoProt/Content/StylizedDesertEnv/Materials/Templates/N.uasset" 836
"../../../../UEProjects/TomatoProt/Content/StylizedDesertEnv/Materials/-ARM_Master.uasset" 837
"../../../../UEProjects/TomatoProt/Content/StylizedDesertEnv/Textures/bones_ARM.uasset" 838
"../../../../UEProjects/TomatoProt/Content/StylizedDesertEnv/Textures/bones_D.uasset" 839
"../../../../UEProjects/TomatoProt/Content/StylizedDesertEnv/Textures/bones_N.uasset" 840
"../../../../UEProjects/TomatoProt/Content/StylizedDesertEnv/Textures/rock_pocks.uasset" 841
"../../../../UEProjects/TomatoProt/Content/StylizedDesertEnv/Materials/bones_mat.uasset" 842
"../../../../UEProjects/TomatoProt/Content/StylizedDesertEnv/Meshes/bone_01.uasset" 843
"../../../../UEProjects/TomatoProt/Content/StylizedDesertEnv/Meshes/s_rock_01.uasset" 844
"../../../../UEProjects/TomatoProt/Content/StylizedDesertEnv/Meshes/s_rock_02.uasset" 845
"../../../../UEProjects/TomatoProt/Content/StylizedDesertEnv/Meshes/s_rock_03.uasset" 846
"../../../../UEProjects/TomatoProt/Content/StylizedDesertEnv/Meshes/s_rock_04.uasset" 847
"../../../../UEProjects/TomatoProt/Content/StylizedDesertEnv/Meshes/s_rock_05.uasset" 848
"../../../../UEProjects/TomatoProt/Content/StylizedDesertEnv/Materials/-ARM_Opacity_Master.uasset" 849
"../../../../UEProjects/TomatoProt/Content/StylizedDesertEnv/Textures/trees_ARM.uasset" 850
"../../../../UEProjects/TomatoProt/Content/StylizedDesertEnv/Textures/trees_DO.uasset" 851
"../../../../UEProjects/TomatoProt/Content/StylizedDesertEnv/Textures/trees_N.uasset" 852
"../../../../UEProjects/TomatoProt/Content/StylizedDesertEnv/Materials/tree_mat.uasset" 853
"../../../../UEProjects/TomatoProt/Content/StylizedDesertEnv/Meshes/tree_02.uasset" 854
"../../../../UEProjects/TomatoProt/Content/StylizedDesertEnv/Meshes/tree_04.uasset" 855
"../../../../UEProjects/TomatoProt/Content/TwinStickBP/Levels/Bimmer_map1.umap" 856
"../../../../UEProjects/TomatoProt/Content/TwinStickBP/Levels/Bimmer_map2_BuiltData.uasset" 857
"../../../../UEProjects/TomatoProt/Content/TwinStickBP/Levels/Bimmer_map2.umap" 858
"../../../../UEProjects/TomatoProt/Content/TwinStickBP/Levels/MainMenu_BuiltData.uasset" 859
"../../../../UEProjects/TomatoProt/Content/TwinStickBP/Materials/menubg.uasset" 860
"../../../../UEProjects/TomatoProt/Content/TwinStickBP/Materials/options.uasset" 861
"../../../../UEProjects/TomatoProt/Content/TwinStickBP/Materials/play.uasset" 862
"../../../../UEProjects/TomatoProt/Content/TwinStickBP/Materials/printo.uasset" 863
"../../../../UEProjects/TomatoProt/Content/TwinStickBP/Materials/quit.uasset" 864
"../../../../UEProjects/TomatoProt/Content/TwinStickBP/UI/MainMenu.uasset" 865
"../../../../UEProjects/TomatoProt/Content/TwinStickBP/Levels/MainMenu.umap" 866
"../../../../UEProjects/TomatoProt/Content/TwinStickBP/Levels/MainMenuScene/ArmoryText.uasset" 867
"../../../../UEProjects/TomatoProt/Content/TwinStickBP/Levels/MainMenuScene/ArmoryTxt.uasset" 868
"../../../../UEProjects/TomatoProt/Content/TwinStickBP/Levels/MainMenuScene/PlayerText.uasset" 869
"../../../../UEProjects/TomatoProt/Content/TwinStickBP/Levels/MainMenuScene/PlayerTxt.uasset" 870
"../../../../UEProjects/TomatoProt/Content/TwinStickBP/Levels/MainMenuScene/PlayGameHUDTxt.uasset" 871
"../../../../UEProjects/TomatoProt/Content/TwinStickBP/Levels/MainMenuScene/PlayGameTxt.uasset" 872
"../../../../UEProjects/TomatoProt/Content/InfinityBladeIceLands/Environments/Ice/Env_Ice_Rocky/Textures/T_Env_Ice_Grinder_D.uasset" 873
"../../../../UEProjects/TomatoProt/Content/InfinityBladeIceLands/Environments/Ice/Env_Ice_Rocky/Textures/T_Env_Ice_Grinder_N.uasset" 874
"../../../../UEProjects/TomatoProt/Content/InfinityBladeIceLands/Environments/Ice/Env_Ice_Rocky/Materials/M_Env_Ice_GrinderTrap.uasset" 875
"../../../../UEProjects/TomatoProt/Content/InfinityBladeIceLands/Environments/Ice/Env_Ice_Rocky/StaticMesh/SM_Env_Ice_Grinder001.uasset" 876
"../../../../UEProjects/TomatoProt/Content/InfinityBladeIceLands/Environments/Ice/Env_Ice_Rocky/StaticMesh/SM_Env_Ice_Grinder002.uasset" 877
"../../../../UEProjects/TomatoProt/Content/TwinStickBP/Levels/MainMenuScene/Exit.uasset" 878
"../../../../UEProjects/TomatoProt/Content/TwinStickBP/Levels/MainMenuScene/Rollers.uasset" 879
"../../../../UEProjects/TomatoProt/Content/TwinStickBP/Levels/MainMenuRoom_BuiltData.uasset" 880
"../../../../UEProjects/TomatoProt/Content/InfinityBladeGrassLands/Environments/Plains/Env_Plains_Organic/Textures/T_Plains_Ground01_D.uasset" 881
"../../../../UEProjects/TomatoProt/Content/InfinityBladeGrassLands/Environments/Plains/Env_Plains_Organic/Textures/T_Plains_Ground01_N.uasset" 882
"../../../../UEProjects/TomatoProt/Content/InfinityBladeGrassLands/Environments/Plains/Env_Plains_Organic/Textures/T_Plains_Ground01_Mat.uasset" 883
"../../../../UEProjects/TomatoProt/Content/BloodPack_SplashesAndWashedAdditionalMaterials/4096x4096/Splashes/AlphasAddon/T_Splash_04_M.uasset" 884
"../../../../UEProjects/TomatoProt/Content/BloodPack_SplashesAndWashedAdditionalMaterials/4096x4096/Splashes/MI_Splash_Decal_4.uasset" 885
"../../../../UEProjects/TomatoProt/Content/AdvancedVillagePack/Meshes/SM_Axe.uasset" 886
"../../../../UEProjects/TomatoProt/Content/AdvancedVillagePack/Textures/T_Pack_04_D.uasset" 887
"../../../../UEProjects/TomatoProt/Content/AdvancedVillagePack/Textures/T_Pack_04_E.uasset" 888
"../../../../UEProjects/TomatoProt/Content/AdvancedVillagePack/Textures/T_Pack_04_N.uasset" 889
"../../../../UEProjects/TomatoProt/Content/AdvancedVillagePack/Textures/T_Pack_04_RM.uasset" 890
"../../../../UEProjects/TomatoProt/Content/AdvancedVillagePack/Materials/M_Inst_Pack_04_LightsOn.uasset" 891
"../../../../UEProjects/TomatoProt/Content/AdvancedVillagePack/Meshes/SM_House_Var01_LightsOn.uasset" 892
"../../../../UEProjects/TomatoProt/Content/AdvancedVillagePack/Textures/T_Pack_09_D.uasset" 893
"../../../../UEProjects/TomatoProt/Content/AdvancedVillagePack/Textures/T_Pack_09_E.uasset" 894
"../../../../UEProjects/TomatoProt/Content/AdvancedVillagePack/Textures/T_Pack_09_N.uasset" 895
"../../../../UEProjects/TomatoProt/Content/AdvancedVillagePack/Textures/T_Pack_09_RM.uasset" 896
"../../../../UEProjects/TomatoProt/Content/AdvancedVillagePack/Materials/M_Inst_Pack_09.uasset" 897
"../../../../UEProjects/TomatoProt/Content/AdvancedVillagePack/Meshes/SM_House_Var02.uasset" 898
"../../../../UEProjects/TomatoProt/Content/AdvancedVillagePack/Meshes/SM_Pumpkin_Var03.uasset" 899
"../../../../UEProjects/TomatoProt/Content/AdvancedVillagePack/Meshes/SM_StoneFlat_Var05.uasset" 900
"../../../../UEProjects/TomatoProt/Content/MultistoryDungeons/Textures/Atlas_Props_01.uasset" 901
"../../../../UEProjects/TomatoProt/Content/MultistoryDungeons/Textures/Atlas_Props_01_Metallic.uasset" 902
"../../../../UEProjects/TomatoProt/Content/MultistoryDungeons/Textures/Atlas_Props_01_Normal.uasset" 903
"../../../../UEProjects/TomatoProt/Content/MultistoryDungeons/Textures/Atlas_Props_01_Roughness.uasset" 904
"../../../../UEProjects/TomatoProt/Content/MultistoryDungeons/Materials/Props_01.uasset" 905
"../../../../UEProjects/TomatoProt/Content/MultistoryDungeons/Materials/Props_01_Inst.uasset" 906
"../../../../UEProjects/TomatoProt/Content/MultistoryDungeons/Meshes/Props/Bench_Wooden_01.uasset" 907
"../../../../UEProjects/TomatoProt/Content/MultistoryDungeons/Textures/Atlas_Props_02.uasset" 908
"../../../../UEProjects/TomatoProt/Content/MultistoryDungeons/Textures/Atlas_Props_02_Metallic.uasset" 909
"../../../../UEProjects/TomatoProt/Content/MultistoryDungeons/Textures/Atlas_Props_02_Normal.uasset" 910
"../../../../UEProjects/TomatoProt/Content/MultistoryDungeons/Textures/Atlas_Props_02_Roughness.uasset" 911
"../../../../UEProjects/TomatoProt/Content/MultistoryDungeons/Materials/Props_02.uasset" 912
"../../../../UEProjects/TomatoProt/Content/MultistoryDungeons/Materials/Props_02_Inst.uasset" 913
"../../../Engine/Content/Functions/Engine_MaterialFunctions02/Fresnel_Function.uasset" 914
"../../../../UEProjects/TomatoProt/Content/MultistoryDungeons/Textures/Atlas_Props_02_Opacity.uasset" 915
"../../../../UEProjects/TomatoProt/Content/MultistoryDungeons/Materials/Props_Glass.uasset" 916
"../../../../UEProjects/TomatoProt/Content/MultistoryDungeons/Materials/Props_Glass_Doublesided_Inst.uasset" 917
"../../../../UEProjects/TomatoProt/Content/MultistoryDungeons/Meshes/Props/Flask_02.uasset" 918
"../../../../UEProjects/TomatoProt/Content/MultistoryDungeons/Materials/Props_Glass_Inst_01.uasset" 919
"../../../../UEProjects/TomatoProt/Content/MultistoryDungeons/Meshes/Props/Flask_04.uasset" 920
"../../../../UEProjects/TomatoProt/Content/MultistoryDungeons/Meshes/Props/Potion_03.uasset" 921
"../../../../UEProjects/TomatoProt/Content/SoulCity/Environment/Textures/Props/T_Cave_Wood_Beam_N.uasset" 922
"../../../../UEProjects/TomatoProt/Content/SoulCity/Environment/Textures/Props/T_Cave_Wood_Beam_D.uasset" 923
"../../../../UEProjects/TomatoProt/Content/SoulCity/Environment/Materials/Rocks/M_Cave_Wood_Beam.uasset" 924
"../../../../UEProjects/TomatoProt/Content/SoulCity/Environment/Meshes/Rocks/SM_Cave_Wood_Beam.uasset" 925
"../../../../UEProjects/TomatoProt/Content/TwinStickBP/Materials/Military_Icon_Kit/01_GUN/gun_ak47.uasset" 926
"../../../../UEProjects/TomatoProt/Content/TwinStickBP/Materials/Military_Icon_Kit/01_GUN/gun_glock17.uasset" 927
"../../../../UEProjects/TomatoProt/Content/TwinStickBP/Materials/Military_Icon_Kit/01_GUN/gun_m32.uasset" 928
"../../../../UEProjects/TomatoProt/Content/TwinStickBP/UI/ArmoryEnter.uasset" 929
"../../../../UEProjects/TomatoProt/Content/TwinStickBP/UI/ArmorynMenu.uasset" 930
"../../../../UEProjects/TomatoProt/Content/TwinStickBP/Materials/clover1.uasset" 931
"../../../../UEProjects/TomatoProt/Content/TwinStickBP/Materials/heart.uasset" 932
"../../../../UEProjects/TomatoProt/Content/TwinStickBP/Materials/running.uasset" 933
"../../../../UEProjects/TomatoProt/Content/TwinStickBP/UI/PlayerMenu.uasset" 934
"../../../../UEProjects/TomatoProt/Content/TwinStickBP/UI/PlayerEnter.uasset" 935
"../../../../UEProjects/TomatoProt/Content/TwinStickBP/UI/PlayGameEnter.uasset" 936
"../../../../UEProjects/TomatoProt/Content/TwinStickBP/Levels/MainMenuRoom.umap" 937
